<?xml version="1.0" encoding="UTF-8"?>
<robot generator="Robot 5.0.1 (Python 3.10.6 on win32)" generated="20230307 14:23:20.632" rpa="false" schemaversion="3">
<suite id="s1" name="Tietokanta" source="c:\Users\niemi\Desktop\HAMK\HAMK21_22\Ohjelmointi\webservices\UiPath3\robotframework\uipathprojekti\tietokanta.robot">
<test id="s1-t1" name="Read CSV file to list" line="129">
<kw name="Make Connection">
<arg>${dbname}</arg>
<kw name="Connect To Database" library="DatabaseLibrary">
<arg>pymysql</arg>
<arg>${dbtoconnect}</arg>
<arg>${dbuser}</arg>
<arg>${dbpass}</arg>
<arg>${dbhost}</arg>
<arg>${dbport}</arg>
<doc>Loads the DB API 2.0 module given `dbapiModuleName` then uses it to
connect to the database using `dbName`, `dbUsername`, and `dbPassword`.</doc>
<msg timestamp="20230307 14:23:20.769" level="INFO">Connecting using : pymysql.connect(db=Uipathprojekti, user=robotuser, passwd=password, host=localhost, port=3306, charset=None) </msg>
<status status="PASS" starttime="20230307 14:23:20.719" endtime="20230307 14:23:20.783"/>
</kw>
<status status="PASS" starttime="20230307 14:23:20.716" endtime="20230307 14:23:20.784"/>
</kw>
<kw name="Get File" library="OperatingSystem">
<var>${outputHeader}</var>
<arg>${PATH}InvoiceHeaderData.csv</arg>
<doc>Returns the contents of a specified file.</doc>
<msg timestamp="20230307 14:23:20.786" level="INFO" html="true">Getting file '&lt;a href="file://C:\Users\niemi\Desktop\HAMK\HAMK21_22\Ohjelmointi\webservices\UiPath3\InvoiceHeaderData.csv"&gt;C:\Users\niemi\Desktop\HAMK\HAMK21_22\Ohjelmointi\webservices\UiPath3\InvoiceHeaderData.csv&lt;/a&gt;'.</msg>
<msg timestamp="20230307 14:23:20.787" level="INFO">${outputHeader} = ﻿DueDate;InvoiceNumber;CompanyName;ReferenceNumber;InvoiceDate;CompanyCode;BankAccountNumber;AmountExcVat;VatAmount;TotalAmount
07.04.2021;143143;Service Provider Oy;1431432;15.12.2022;1234567-8;FI12 ...</msg>
<status status="PASS" starttime="20230307 14:23:20.785" endtime="20230307 14:23:20.788"/>
</kw>
<kw name="Get File" library="OperatingSystem">
<var>${outputRows}</var>
<arg>${PATH}InvoiceRowData.csv</arg>
<doc>Returns the contents of a specified file.</doc>
<msg timestamp="20230307 14:23:20.789" level="INFO" html="true">Getting file '&lt;a href="file://C:\Users\niemi\Desktop\HAMK\HAMK21_22\Ohjelmointi\webservices\UiPath3\InvoiceRowData.csv"&gt;C:\Users\niemi\Desktop\HAMK\HAMK21_22\Ohjelmointi\webservices\UiPath3\InvoiceRowData.csv&lt;/a&gt;'.</msg>
<msg timestamp="20230307 14:23:20.790" level="INFO">${outputRows} = ﻿Discription;Quantity;Unit;UnitPrice;VatPercent;Vat;TotalAmount;InvoiceNumber;RowNumber
Installation Services;5;h;60;24;72;372;143143;1
Replacement Products;10;kpl;105;24;252;1302;143143;2
Keyboard Lo...</msg>
<status status="PASS" starttime="20230307 14:23:20.789" endtime="20230307 14:23:20.791"/>
</kw>
<kw name="Log" library="BuiltIn">
<arg>${outputHeader}</arg>
<doc>Logs the given message with the given level.</doc>
<msg timestamp="20230307 14:23:20.792" level="INFO">﻿DueDate;InvoiceNumber;CompanyName;ReferenceNumber;InvoiceDate;CompanyCode;BankAccountNumber;AmountExcVat;VatAmount;TotalAmount
07.04.2021;143143;Service Provider Oy;1431432;15.12.2022;1234567-8;FI12 3456 7890 1234 56;1350;324;1674
15.10.2022;1543235;Component Oy;15432359;01.10.2022;1234567-9;FI05 1234 5600 7891 01;465;111.6;576.6
01.04.2021;153143;Service Provider Oy;1531439;15.12.2022;1234567-8;FI12 3456 7890 1234 56;2700;648;3348
</msg>
<status status="PASS" starttime="20230307 14:23:20.791" endtime="20230307 14:23:20.792"/>
</kw>
<kw name="Log" library="BuiltIn">
<arg>${outputRows}</arg>
<doc>Logs the given message with the given level.</doc>
<msg timestamp="20230307 14:23:20.793" level="INFO">﻿Discription;Quantity;Unit;UnitPrice;VatPercent;Vat;TotalAmount;InvoiceNumber;RowNumber
Installation Services;5;h;60;24;72;372;143143;1
Replacement Products;10;kpl;105;24;252;1302;143143;2
Keyboard Logitech;10;kpl;40;24;96;496;1543235;1
Brother printer;1;kpl;65;24;15.6;80.6;1543235;2
Installation Services;5;h;60;24;72;372;153143;1
Replacement Products;10;kpl;105;24;252;1302;153143;2
Cleaning Services;5;h;60;24;72;372;153143;3
Cleaning Wipes;10;kpl;105;24;252;1302;153143;4
</msg>
<status status="PASS" starttime="20230307 14:23:20.793" endtime="20230307 14:23:20.793"/>
</kw>
<kw name="Split String" library="String">
<var>@{headers}</var>
<arg>${outputHeader}</arg>
<arg>\n</arg>
<doc>Splits the ``string`` using ``separator`` as a delimiter string.</doc>
<msg timestamp="20230307 14:23:20.794" level="INFO">@{headers} = [ ﻿DueDate;InvoiceNumber;CompanyName;ReferenceNumber;InvoiceDate;CompanyCode;BankAccountNumber;AmountExcVat;VatAmount;TotalAmount | 07.04.2021;143143;Service Provider Oy;1431432;15.12.2022;1234567-8;F...</msg>
<status status="PASS" starttime="20230307 14:23:20.794" endtime="20230307 14:23:20.795"/>
</kw>
<kw name="Split String" library="String">
<var>@{rows}</var>
<arg>${outputRows}</arg>
<arg>\n</arg>
<doc>Splits the ``string`` using ``separator`` as a delimiter string.</doc>
<msg timestamp="20230307 14:23:20.797" level="INFO">@{rows} = [ ﻿Discription;Quantity;Unit;UnitPrice;VatPercent;Vat;TotalAmount;InvoiceNumber;RowNumber | Installation Services;5;h;60;24;72;372;143143;1 | Replacement Products;10;kpl;105;24;252;1302;143143;2 | Key...</msg>
<status status="PASS" starttime="20230307 14:23:20.795" endtime="20230307 14:23:20.797"/>
</kw>
<kw name="Get Length" library="BuiltIn">
<var>${length}</var>
<arg>${headers}</arg>
<doc>Returns and logs the length of the given item as an integer.</doc>
<msg timestamp="20230307 14:23:20.798" level="INFO">Length is 5</msg>
<msg timestamp="20230307 14:23:20.798" level="INFO">${length} = 5</msg>
<status status="PASS" starttime="20230307 14:23:20.798" endtime="20230307 14:23:20.798"/>
</kw>
<kw name="Evaluate" library="BuiltIn">
<var>${length}</var>
<arg>${length}-1</arg>
<doc>Evaluates the given expression in Python and returns the result.</doc>
<msg timestamp="20230307 14:23:20.801" level="INFO">${length} = 4</msg>
<status status="PASS" starttime="20230307 14:23:20.799" endtime="20230307 14:23:20.801"/>
</kw>
<kw name="Convert To Integer" library="BuiltIn">
<var>${index}</var>
<arg>0</arg>
<doc>Converts the given item to an integer number.</doc>
<msg timestamp="20230307 14:23:20.803" level="INFO">${index} = 0</msg>
<status status="PASS" starttime="20230307 14:23:20.802" endtime="20230307 14:23:20.803"/>
</kw>
<kw name="Remove From List" library="Collections">
<arg>${headers}</arg>
<arg>${length}</arg>
<doc>Removes and returns the value specified with an ``index`` from ``list``.</doc>
<status status="PASS" starttime="20230307 14:23:20.804" endtime="20230307 14:23:20.805"/>
</kw>
<kw name="Remove From List" library="Collections">
<arg>${headers}</arg>
<arg>${index}</arg>
<doc>Removes and returns the value specified with an ``index`` from ``list``.</doc>
<status status="PASS" starttime="20230307 14:23:20.805" endtime="20230307 14:23:20.806"/>
</kw>
<kw name="Get Length" library="BuiltIn">
<var>${length}</var>
<arg>${rows}</arg>
<doc>Returns and logs the length of the given item as an integer.</doc>
<msg timestamp="20230307 14:23:20.807" level="INFO">Length is 10</msg>
<msg timestamp="20230307 14:23:20.808" level="INFO">${length} = 10</msg>
<status status="PASS" starttime="20230307 14:23:20.807" endtime="20230307 14:23:20.808"/>
</kw>
<kw name="Evaluate" library="BuiltIn">
<var>${length}</var>
<arg>${length}-1</arg>
<doc>Evaluates the given expression in Python and returns the result.</doc>
<msg timestamp="20230307 14:23:20.810" level="INFO">${length} = 9</msg>
<status status="PASS" starttime="20230307 14:23:20.809" endtime="20230307 14:23:20.810"/>
</kw>
<kw name="Remove From List" library="Collections">
<arg>${rows}</arg>
<arg>${length}</arg>
<doc>Removes and returns the value specified with an ``index`` from ``list``.</doc>
<status status="PASS" starttime="20230307 14:23:20.811" endtime="20230307 14:23:20.811"/>
</kw>
<kw name="Remove From List" library="Collections">
<arg>${rows}</arg>
<arg>${index}</arg>
<doc>Removes and returns the value specified with an ``index`` from ``list``.</doc>
<status status="PASS" starttime="20230307 14:23:20.812" endtime="20230307 14:23:20.813"/>
</kw>
<kw name="Set Global Variable" library="BuiltIn">
<arg>${headers}</arg>
<doc>Makes a variable available globally in all tests and suites.</doc>
<msg timestamp="20230307 14:23:20.816" level="INFO">${headers} = ['07.04.2021;143143;Service Provider Oy;1431432;15.12.2022;1234567-8;FI12 3456 7890 1234 56;1350;324;1674', '15.10.2022;1543235;Component Oy;15432359;01.10.2022;1234567-9;FI05 1234 5600 7891 01;465;11...</msg>
<status status="PASS" starttime="20230307 14:23:20.814" endtime="20230307 14:23:20.816"/>
</kw>
<kw name="Set Global Variable" library="BuiltIn">
<arg>${rows}</arg>
<doc>Makes a variable available globally in all tests and suites.</doc>
<msg timestamp="20230307 14:23:20.818" level="INFO">${rows} = ['Installation Services;5;h;60;24;72;372;143143;1', 'Replacement Products;10;kpl;105;24;252;1302;143143;2', 'Keyboard Logitech;10;kpl;40;24;96;496;1543235;1', 'Brother printer;1;kpl;65;24;15.6;80.6;15...</msg>
<status status="PASS" starttime="20230307 14:23:20.818" endtime="20230307 14:23:20.818"/>
</kw>
<status status="PASS" starttime="20230307 14:23:20.714" endtime="20230307 14:23:20.819"/>
</test>
<test id="s1-t2" name="Loop all invoicerows" line="165">
<for flavor="IN">
<var>${element}</var>
<value>@{rows}</value>
<iter>
<var name="${element}">Installation Services;5;h;60;24;72;372;143143;1</var>
<kw name="Log" library="BuiltIn">
<arg>${element}</arg>
<doc>Logs the given message with the given level.</doc>
<msg timestamp="20230307 14:23:20.824" level="INFO">Installation Services;5;h;60;24;72;372;143143;1</msg>
<status status="PASS" starttime="20230307 14:23:20.823" endtime="20230307 14:23:20.824"/>
</kw>
<kw name="Split String" library="String">
<var>@{items}</var>
<arg>${element}</arg>
<arg>;</arg>
<doc>Splits the ``string`` using ``separator`` as a delimiter string.</doc>
<msg timestamp="20230307 14:23:20.857" level="INFO">@{items} = [ Installation Services | 5 | h | 60 | 24 | 72 | 372 | 143143 | 1 ]</msg>
<status status="PASS" starttime="20230307 14:23:20.825" endtime="20230307 14:23:20.857"/>
</kw>
<kw name="Set Variable" library="BuiltIn">
<var>${rowInvoiceNumber}</var>
<arg>${items}[7]</arg>
<doc>Returns the given values which can then be assigned to a variables.</doc>
<msg timestamp="20230307 14:23:20.859" level="INFO">${rowInvoiceNumber} = 143143</msg>
<status status="PASS" starttime="20230307 14:23:20.858" endtime="20230307 14:23:20.859"/>
</kw>
<kw name="Log" library="BuiltIn">
<arg>${InvoiceNumber}</arg>
<doc>Logs the given message with the given level.</doc>
<msg timestamp="20230307 14:23:20.860" level="INFO">empty</msg>
<status status="PASS" starttime="20230307 14:23:20.859" endtime="20230307 14:23:20.860"/>
</kw>
<kw name="Log" library="BuiltIn">
<arg>${rowInvoiceNumber}</arg>
<doc>Logs the given message with the given level.</doc>
<msg timestamp="20230307 14:23:20.861" level="INFO">143143</msg>
<status status="PASS" starttime="20230307 14:23:20.860" endtime="20230307 14:23:20.861"/>
</kw>
<if>
<branch type="IF" condition="'${rowInvoiceNumber}' == '${InvoiceNumber}'">
<kw name="Log" library="BuiltIn">
<arg>Lisätään rivejä laskulle</arg>
<doc>Logs the given message with the given level.</doc>
<status status="NOT RUN" starttime="20230307 14:23:20.862" endtime="20230307 14:23:20.862"/>
</kw>
<kw name="Add Row Data to List">
<arg>${items}</arg>
<status status="NOT RUN" starttime="20230307 14:23:20.862" endtime="20230307 14:23:20.862"/>
</kw>
<status status="NOT RUN" starttime="20230307 14:23:20.861" endtime="20230307 14:23:20.862"/>
</branch>
<branch type="ELSE">
<kw name="Log" library="BuiltIn">
<arg>Onko tietokantalistassa jo rivejä</arg>
<doc>Logs the given message with the given level.</doc>
<msg timestamp="20230307 14:23:20.863" level="INFO">Onko tietokantalistassa jo rivejä</msg>
<status status="PASS" starttime="20230307 14:23:20.863" endtime="20230307 14:23:20.863"/>
</kw>
<kw name="Get Length" library="BuiltIn">
<var>${length}</var>
<arg>${ListToDB}</arg>
<doc>Returns and logs the length of the given item as an integer.</doc>
<msg timestamp="20230307 14:23:20.864" level="INFO">Length is 0</msg>
<msg timestamp="20230307 14:23:20.865" level="INFO">${length} = 0</msg>
<status status="PASS" starttime="20230307 14:23:20.864" endtime="20230307 14:23:20.865"/>
</kw>
<if>
<branch type="IF" condition="${length} == ${0}">
<kw name="Log" library="BuiltIn">
<arg>Ensimmäisen laskun tapaus</arg>
<doc>Logs the given message with the given level.</doc>
<msg timestamp="20230307 14:23:20.869" level="INFO">Ensimmäisen laskun tapaus</msg>
<status status="PASS" starttime="20230307 14:23:20.868" endtime="20230307 14:23:20.869"/>
</kw>
<kw name="Set Variable" library="BuiltIn">
<var>${InvoiceNumber}</var>
<arg>${rowInvoiceNumber}</arg>
<doc>Returns the given values which can then be assigned to a variables.</doc>
<msg timestamp="20230307 14:23:20.870" level="INFO">${InvoiceNumber} = 143143</msg>
<status status="PASS" starttime="20230307 14:23:20.869" endtime="20230307 14:23:20.870"/>
</kw>
<kw name="Set Global Variable" library="BuiltIn">
<arg>${InvoiceNumber}</arg>
<doc>Makes a variable available globally in all tests and suites.</doc>
<msg timestamp="20230307 14:23:20.872" level="INFO">${InvoiceNumber} = 143143</msg>
<status status="PASS" starttime="20230307 14:23:20.871" endtime="20230307 14:23:20.872"/>
</kw>
<kw name="Add Row Data to List">
<arg>${items}</arg>
<kw name="Create List" library="BuiltIn">
<var>@{AddInvoiceRowData}</var>
<doc>Returns a list containing given items.</doc>
<msg timestamp="20230307 14:23:20.874" level="INFO">@{AddInvoiceRowData} = [ ]</msg>
<status status="PASS" starttime="20230307 14:23:20.873" endtime="20230307 14:23:20.874"/>
</kw>
<kw name="Append To List" library="Collections">
<arg>${AddInvoiceRowData}</arg>
<arg>${items}[8]</arg>
<doc>Adds ``values`` to the end of ``list``.</doc>
<status status="PASS" starttime="20230307 14:23:20.874" endtime="20230307 14:23:20.875"/>
</kw>
<kw name="Append To List" library="Collections">
<arg>${AddInvoiceRowData}</arg>
<arg>${items}[0]</arg>
<doc>Adds ``values`` to the end of ``list``.</doc>
<status status="PASS" starttime="20230307 14:23:20.875" endtime="20230307 14:23:20.876"/>
</kw>
<kw name="Append To List" library="Collections">
<arg>${AddInvoiceRowData}</arg>
<arg>${items}[1]</arg>
<doc>Adds ``values`` to the end of ``list``.</doc>
<status status="PASS" starttime="20230307 14:23:20.876" endtime="20230307 14:23:20.877"/>
</kw>
<kw name="Append To List" library="Collections">
<arg>${AddInvoiceRowData}</arg>
<arg>${items}[2]</arg>
<doc>Adds ``values`` to the end of ``list``.</doc>
<status status="PASS" starttime="20230307 14:23:20.877" endtime="20230307 14:23:20.878"/>
</kw>
<kw name="Append To List" library="Collections">
<arg>${AddInvoiceRowData}</arg>
<arg>${items}[3]</arg>
<doc>Adds ``values`` to the end of ``list``.</doc>
<status status="PASS" starttime="20230307 14:23:20.878" endtime="20230307 14:23:20.879"/>
</kw>
<kw name="Append To List" library="Collections">
<arg>${AddInvoiceRowData}</arg>
<arg>${items}[4]</arg>
<doc>Adds ``values`` to the end of ``list``.</doc>
<status status="PASS" starttime="20230307 14:23:20.880" endtime="20230307 14:23:20.880"/>
</kw>
<kw name="Append To List" library="Collections">
<arg>${AddInvoiceRowData}</arg>
<arg>${items}[5]</arg>
<doc>Adds ``values`` to the end of ``list``.</doc>
<status status="PASS" starttime="20230307 14:23:20.880" endtime="20230307 14:23:20.881"/>
</kw>
<kw name="Append To List" library="Collections">
<arg>${AddInvoiceRowData}</arg>
<arg>${items}[6]</arg>
<doc>Adds ``values`` to the end of ``list``.</doc>
<status status="PASS" starttime="20230307 14:23:20.881" endtime="20230307 14:23:20.881"/>
</kw>
<kw name="Append To List" library="Collections">
<arg>${AddInvoiceRowData}</arg>
<arg>${InvoiceNumber}</arg>
<doc>Adds ``values`` to the end of ``list``.</doc>
<status status="PASS" starttime="20230307 14:23:20.883" endtime="20230307 14:23:20.885"/>
</kw>
<kw name="Append To List" library="Collections">
<arg>${ListToDB}</arg>
<arg>${AddInvoiceRowData}</arg>
<doc>Adds ``values`` to the end of ``list``.</doc>
<status status="PASS" starttime="20230307 14:23:20.886" endtime="20230307 14:23:20.886"/>
</kw>
<status status="PASS" starttime="20230307 14:23:20.872" endtime="20230307 14:23:20.888"/>
</kw>
<status status="PASS" starttime="20230307 14:23:20.867" endtime="20230307 14:23:20.888"/>
</branch>
<branch type="ELSE">
<kw name="Log" library="BuiltIn">
<arg>Lasku vaihtuu, pitää käsitellä myös otsikkodata</arg>
<doc>Logs the given message with the given level.</doc>
<status status="NOT RUN" starttime="20230307 14:23:20.888" endtime="20230307 14:23:20.888"/>
</kw>
<for flavor="IN">
<var>${headerElement}</var>
<value>@{headers}</value>
<iter>
<var name="${headerElement}"/>
<kw name="Split String" library="String">
<var>${headerItems}</var>
<arg>${headerElement}</arg>
<arg>;</arg>
<doc>Splits the ``string`` using ``separator`` as a delimiter string.</doc>
<status status="NOT RUN" starttime="20230307 14:23:20.889" endtime="20230307 14:23:20.889"/>
</kw>
<if>
<branch type="IF" condition="'${headerItems}[0]' == '${InvoiceNumber}'">
<kw name="Log" library="BuiltIn">
<arg>Laksu löytyi</arg>
<doc>Logs the given message with the given level.</doc>
<status status="NOT RUN" starttime="20230307 14:23:20.889" endtime="20230307 14:23:20.890"/>
</kw>
<kw name="Add Invoice Header to DB">
<arg>${headerItems}</arg>
<arg>${ListToDB}</arg>
<status status="NOT RUN" starttime="20230307 14:23:20.890" endtime="20230307 14:23:20.890"/>
</kw>
<for flavor="IN">
<var>${rowElement}</var>
<value>@{ListToDB}</value>
<iter>
<var name="${rowElement}"/>
<kw name="Add Invoice Row To DB">
<arg>${rowElement}</arg>
<status status="NOT RUN" starttime="20230307 14:23:20.890" endtime="20230307 14:23:20.891"/>
</kw>
<kw name="Create List" library="BuiltIn">
<var>${ListToDB}</var>
<doc>Returns a list containing given items.</doc>
<status status="NOT RUN" starttime="20230307 14:23:20.891" endtime="20230307 14:23:20.891"/>
</kw>
<kw name="Set Global Variable" library="BuiltIn">
<arg>${ListToDB}</arg>
<doc>Makes a variable available globally in all tests and suites.</doc>
<status status="NOT RUN" starttime="20230307 14:23:20.891" endtime="20230307 14:23:20.891"/>
</kw>
<kw name="Set Variable" library="BuiltIn">
<var>${InvoiceNumber}</var>
<arg>${rowInvoiceNumber}</arg>
<doc>Returns the given values which can then be assigned to a variables.</doc>
<status status="NOT RUN" starttime="20230307 14:23:20.891" endtime="20230307 14:23:20.892"/>
</kw>
<kw name="Set Global Variable" library="BuiltIn">
<arg>${InvoiceNumber}</arg>
<doc>Makes a variable available globally in all tests and suites.</doc>
<status status="NOT RUN" starttime="20230307 14:23:20.892" endtime="20230307 14:23:20.892"/>
</kw>
<kw name="Add Row Data to List">
<arg>${items}</arg>
<status status="NOT RUN" starttime="20230307 14:23:20.892" endtime="20230307 14:23:20.892"/>
</kw>
<status status="NOT RUN" starttime="20230307 14:23:20.890" endtime="20230307 14:23:20.892"/>
</iter>
<status status="NOT RUN" starttime="20230307 14:23:20.890" endtime="20230307 14:23:20.893"/>
</for>
<status status="NOT RUN" starttime="20230307 14:23:20.889" endtime="20230307 14:23:20.893"/>
</branch>
<status status="NOT RUN" starttime="20230307 14:23:20.889" endtime="20230307 14:23:20.893"/>
</if>
<status status="NOT RUN" starttime="20230307 14:23:20.889" endtime="20230307 14:23:20.893"/>
</iter>
<status status="NOT RUN" starttime="20230307 14:23:20.888" endtime="20230307 14:23:20.893"/>
</for>
<status status="NOT RUN" starttime="20230307 14:23:20.888" endtime="20230307 14:23:20.893"/>
</branch>
<status status="PASS" starttime="20230307 14:23:20.865" endtime="20230307 14:23:20.893"/>
</if>
<status status="PASS" starttime="20230307 14:23:20.862" endtime="20230307 14:23:20.893"/>
</branch>
<status status="PASS" starttime="20230307 14:23:20.861" endtime="20230307 14:23:20.893"/>
</if>
<status status="PASS" starttime="20230307 14:23:20.823" endtime="20230307 14:23:20.893"/>
</iter>
<iter>
<var name="${element}">Replacement Products;10;kpl;105;24;252;1302;143143;2</var>
<kw name="Log" library="BuiltIn">
<arg>${element}</arg>
<doc>Logs the given message with the given level.</doc>
<msg timestamp="20230307 14:23:20.894" level="INFO">Replacement Products;10;kpl;105;24;252;1302;143143;2</msg>
<status status="PASS" starttime="20230307 14:23:20.894" endtime="20230307 14:23:20.895"/>
</kw>
<kw name="Split String" library="String">
<var>@{items}</var>
<arg>${element}</arg>
<arg>;</arg>
<doc>Splits the ``string`` using ``separator`` as a delimiter string.</doc>
<msg timestamp="20230307 14:23:20.895" level="INFO">@{items} = [ Replacement Products | 10 | kpl | 105 | 24 | 252 | 1302 | 143143 | 2 ]</msg>
<status status="PASS" starttime="20230307 14:23:20.895" endtime="20230307 14:23:20.895"/>
</kw>
<kw name="Set Variable" library="BuiltIn">
<var>${rowInvoiceNumber}</var>
<arg>${items}[7]</arg>
<doc>Returns the given values which can then be assigned to a variables.</doc>
<msg timestamp="20230307 14:23:20.896" level="INFO">${rowInvoiceNumber} = 143143</msg>
<status status="PASS" starttime="20230307 14:23:20.896" endtime="20230307 14:23:20.896"/>
</kw>
<kw name="Log" library="BuiltIn">
<arg>${InvoiceNumber}</arg>
<doc>Logs the given message with the given level.</doc>
<msg timestamp="20230307 14:23:20.897" level="INFO">143143</msg>
<status status="PASS" starttime="20230307 14:23:20.896" endtime="20230307 14:23:20.897"/>
</kw>
<kw name="Log" library="BuiltIn">
<arg>${rowInvoiceNumber}</arg>
<doc>Logs the given message with the given level.</doc>
<msg timestamp="20230307 14:23:20.897" level="INFO">143143</msg>
<status status="PASS" starttime="20230307 14:23:20.897" endtime="20230307 14:23:20.897"/>
</kw>
<if>
<branch type="IF" condition="'${rowInvoiceNumber}' == '${InvoiceNumber}'">
<kw name="Log" library="BuiltIn">
<arg>Lisätään rivejä laskulle</arg>
<doc>Logs the given message with the given level.</doc>
<msg timestamp="20230307 14:23:20.898" level="INFO">Lisätään rivejä laskulle</msg>
<status status="PASS" starttime="20230307 14:23:20.898" endtime="20230307 14:23:20.898"/>
</kw>
<kw name="Add Row Data to List">
<arg>${items}</arg>
<kw name="Create List" library="BuiltIn">
<var>@{AddInvoiceRowData}</var>
<doc>Returns a list containing given items.</doc>
<msg timestamp="20230307 14:23:20.902" level="INFO">@{AddInvoiceRowData} = [ ]</msg>
<status status="PASS" starttime="20230307 14:23:20.901" endtime="20230307 14:23:20.903"/>
</kw>
<kw name="Append To List" library="Collections">
<arg>${AddInvoiceRowData}</arg>
<arg>${items}[8]</arg>
<doc>Adds ``values`` to the end of ``list``.</doc>
<status status="PASS" starttime="20230307 14:23:20.903" endtime="20230307 14:23:20.903"/>
</kw>
<kw name="Append To List" library="Collections">
<arg>${AddInvoiceRowData}</arg>
<arg>${items}[0]</arg>
<doc>Adds ``values`` to the end of ``list``.</doc>
<status status="PASS" starttime="20230307 14:23:20.904" endtime="20230307 14:23:20.904"/>
</kw>
<kw name="Append To List" library="Collections">
<arg>${AddInvoiceRowData}</arg>
<arg>${items}[1]</arg>
<doc>Adds ``values`` to the end of ``list``.</doc>
<status status="PASS" starttime="20230307 14:23:20.904" endtime="20230307 14:23:20.904"/>
</kw>
<kw name="Append To List" library="Collections">
<arg>${AddInvoiceRowData}</arg>
<arg>${items}[2]</arg>
<doc>Adds ``values`` to the end of ``list``.</doc>
<status status="PASS" starttime="20230307 14:23:20.905" endtime="20230307 14:23:20.905"/>
</kw>
<kw name="Append To List" library="Collections">
<arg>${AddInvoiceRowData}</arg>
<arg>${items}[3]</arg>
<doc>Adds ``values`` to the end of ``list``.</doc>
<status status="PASS" starttime="20230307 14:23:20.905" endtime="20230307 14:23:20.905"/>
</kw>
<kw name="Append To List" library="Collections">
<arg>${AddInvoiceRowData}</arg>
<arg>${items}[4]</arg>
<doc>Adds ``values`` to the end of ``list``.</doc>
<status status="PASS" starttime="20230307 14:23:20.905" endtime="20230307 14:23:20.906"/>
</kw>
<kw name="Append To List" library="Collections">
<arg>${AddInvoiceRowData}</arg>
<arg>${items}[5]</arg>
<doc>Adds ``values`` to the end of ``list``.</doc>
<status status="PASS" starttime="20230307 14:23:20.906" endtime="20230307 14:23:20.907"/>
</kw>
<kw name="Append To List" library="Collections">
<arg>${AddInvoiceRowData}</arg>
<arg>${items}[6]</arg>
<doc>Adds ``values`` to the end of ``list``.</doc>
<status status="PASS" starttime="20230307 14:23:20.907" endtime="20230307 14:23:20.907"/>
</kw>
<kw name="Append To List" library="Collections">
<arg>${AddInvoiceRowData}</arg>
<arg>${InvoiceNumber}</arg>
<doc>Adds ``values`` to the end of ``list``.</doc>
<status status="PASS" starttime="20230307 14:23:20.907" endtime="20230307 14:23:20.908"/>
</kw>
<kw name="Append To List" library="Collections">
<arg>${ListToDB}</arg>
<arg>${AddInvoiceRowData}</arg>
<doc>Adds ``values`` to the end of ``list``.</doc>
<status status="PASS" starttime="20230307 14:23:20.908" endtime="20230307 14:23:20.908"/>
</kw>
<status status="PASS" starttime="20230307 14:23:20.899" endtime="20230307 14:23:20.908"/>
</kw>
<status status="PASS" starttime="20230307 14:23:20.898" endtime="20230307 14:23:20.908"/>
</branch>
<branch type="ELSE">
<kw name="Log" library="BuiltIn">
<arg>Onko tietokantalistassa jo rivejä</arg>
<doc>Logs the given message with the given level.</doc>
<status status="NOT RUN" starttime="20230307 14:23:20.908" endtime="20230307 14:23:20.909"/>
</kw>
<kw name="Get Length" library="BuiltIn">
<var>${length}</var>
<arg>${ListToDB}</arg>
<doc>Returns and logs the length of the given item as an integer.</doc>
<status status="NOT RUN" starttime="20230307 14:23:20.909" endtime="20230307 14:23:20.909"/>
</kw>
<if>
<branch type="IF" condition="${length} == ${0}">
<kw name="Log" library="BuiltIn">
<arg>Ensimmäisen laskun tapaus</arg>
<doc>Logs the given message with the given level.</doc>
<status status="NOT RUN" starttime="20230307 14:23:20.909" endtime="20230307 14:23:20.909"/>
</kw>
<kw name="Set Variable" library="BuiltIn">
<var>${InvoiceNumber}</var>
<arg>${rowInvoiceNumber}</arg>
<doc>Returns the given values which can then be assigned to a variables.</doc>
<status status="NOT RUN" starttime="20230307 14:23:20.910" endtime="20230307 14:23:20.910"/>
</kw>
<kw name="Set Global Variable" library="BuiltIn">
<arg>${InvoiceNumber}</arg>
<doc>Makes a variable available globally in all tests and suites.</doc>
<status status="NOT RUN" starttime="20230307 14:23:20.910" endtime="20230307 14:23:20.910"/>
</kw>
<kw name="Add Row Data to List">
<arg>${items}</arg>
<status status="NOT RUN" starttime="20230307 14:23:20.910" endtime="20230307 14:23:20.910"/>
</kw>
<status status="NOT RUN" starttime="20230307 14:23:20.909" endtime="20230307 14:23:20.910"/>
</branch>
<branch type="ELSE">
<kw name="Log" library="BuiltIn">
<arg>Lasku vaihtuu, pitää käsitellä myös otsikkodata</arg>
<doc>Logs the given message with the given level.</doc>
<status status="NOT RUN" starttime="20230307 14:23:20.910" endtime="20230307 14:23:20.911"/>
</kw>
<for flavor="IN">
<var>${headerElement}</var>
<value>@{headers}</value>
<iter>
<var name="${headerElement}"/>
<kw name="Split String" library="String">
<var>${headerItems}</var>
<arg>${headerElement}</arg>
<arg>;</arg>
<doc>Splits the ``string`` using ``separator`` as a delimiter string.</doc>
<status status="NOT RUN" starttime="20230307 14:23:20.911" endtime="20230307 14:23:20.911"/>
</kw>
<if>
<branch type="IF" condition="'${headerItems}[0]' == '${InvoiceNumber}'">
<kw name="Log" library="BuiltIn">
<arg>Laksu löytyi</arg>
<doc>Logs the given message with the given level.</doc>
<status status="NOT RUN" starttime="20230307 14:23:20.911" endtime="20230307 14:23:20.911"/>
</kw>
<kw name="Add Invoice Header to DB">
<arg>${headerItems}</arg>
<arg>${ListToDB}</arg>
<status status="NOT RUN" starttime="20230307 14:23:20.912" endtime="20230307 14:23:20.912"/>
</kw>
<for flavor="IN">
<var>${rowElement}</var>
<value>@{ListToDB}</value>
<iter>
<var name="${rowElement}"/>
<kw name="Add Invoice Row To DB">
<arg>${rowElement}</arg>
<status status="NOT RUN" starttime="20230307 14:23:20.912" endtime="20230307 14:23:20.912"/>
</kw>
<kw name="Create List" library="BuiltIn">
<var>${ListToDB}</var>
<doc>Returns a list containing given items.</doc>
<status status="NOT RUN" starttime="20230307 14:23:20.912" endtime="20230307 14:23:20.912"/>
</kw>
<kw name="Set Global Variable" library="BuiltIn">
<arg>${ListToDB}</arg>
<doc>Makes a variable available globally in all tests and suites.</doc>
<status status="NOT RUN" starttime="20230307 14:23:20.913" endtime="20230307 14:23:20.913"/>
</kw>
<kw name="Set Variable" library="BuiltIn">
<var>${InvoiceNumber}</var>
<arg>${rowInvoiceNumber}</arg>
<doc>Returns the given values which can then be assigned to a variables.</doc>
<status status="NOT RUN" starttime="20230307 14:23:20.913" endtime="20230307 14:23:20.913"/>
</kw>
<kw name="Set Global Variable" library="BuiltIn">
<arg>${InvoiceNumber}</arg>
<doc>Makes a variable available globally in all tests and suites.</doc>
<status status="NOT RUN" starttime="20230307 14:23:20.913" endtime="20230307 14:23:20.913"/>
</kw>
<kw name="Add Row Data to List">
<arg>${items}</arg>
<status status="NOT RUN" starttime="20230307 14:23:20.913" endtime="20230307 14:23:20.913"/>
</kw>
<status status="NOT RUN" starttime="20230307 14:23:20.912" endtime="20230307 14:23:20.913"/>
</iter>
<status status="NOT RUN" starttime="20230307 14:23:20.912" endtime="20230307 14:23:20.914"/>
</for>
<status status="NOT RUN" starttime="20230307 14:23:20.911" endtime="20230307 14:23:20.914"/>
</branch>
<status status="NOT RUN" starttime="20230307 14:23:20.911" endtime="20230307 14:23:20.914"/>
</if>
<status status="NOT RUN" starttime="20230307 14:23:20.911" endtime="20230307 14:23:20.914"/>
</iter>
<status status="NOT RUN" starttime="20230307 14:23:20.911" endtime="20230307 14:23:20.914"/>
</for>
<status status="NOT RUN" starttime="20230307 14:23:20.910" endtime="20230307 14:23:20.914"/>
</branch>
<status status="NOT RUN" starttime="20230307 14:23:20.909" endtime="20230307 14:23:20.914"/>
</if>
<status status="NOT RUN" starttime="20230307 14:23:20.908" endtime="20230307 14:23:20.914"/>
</branch>
<status status="PASS" starttime="20230307 14:23:20.897" endtime="20230307 14:23:20.914"/>
</if>
<status status="PASS" starttime="20230307 14:23:20.894" endtime="20230307 14:23:20.914"/>
</iter>
<iter>
<var name="${element}">Keyboard Logitech;10;kpl;40;24;96;496;1543235;1</var>
<kw name="Log" library="BuiltIn">
<arg>${element}</arg>
<doc>Logs the given message with the given level.</doc>
<msg timestamp="20230307 14:23:20.916" level="INFO">Keyboard Logitech;10;kpl;40;24;96;496;1543235;1</msg>
<status status="PASS" starttime="20230307 14:23:20.915" endtime="20230307 14:23:20.916"/>
</kw>
<kw name="Split String" library="String">
<var>@{items}</var>
<arg>${element}</arg>
<arg>;</arg>
<doc>Splits the ``string`` using ``separator`` as a delimiter string.</doc>
<msg timestamp="20230307 14:23:20.918" level="INFO">@{items} = [ Keyboard Logitech | 10 | kpl | 40 | 24 | 96 | 496 | 1543235 | 1 ]</msg>
<status status="PASS" starttime="20230307 14:23:20.918" endtime="20230307 14:23:20.919"/>
</kw>
<kw name="Set Variable" library="BuiltIn">
<var>${rowInvoiceNumber}</var>
<arg>${items}[7]</arg>
<doc>Returns the given values which can then be assigned to a variables.</doc>
<msg timestamp="20230307 14:23:20.920" level="INFO">${rowInvoiceNumber} = 1543235</msg>
<status status="PASS" starttime="20230307 14:23:20.919" endtime="20230307 14:23:20.920"/>
</kw>
<kw name="Log" library="BuiltIn">
<arg>${InvoiceNumber}</arg>
<doc>Logs the given message with the given level.</doc>
<msg timestamp="20230307 14:23:20.920" level="INFO">143143</msg>
<status status="PASS" starttime="20230307 14:23:20.920" endtime="20230307 14:23:20.921"/>
</kw>
<kw name="Log" library="BuiltIn">
<arg>${rowInvoiceNumber}</arg>
<doc>Logs the given message with the given level.</doc>
<msg timestamp="20230307 14:23:20.921" level="INFO">1543235</msg>
<status status="PASS" starttime="20230307 14:23:20.921" endtime="20230307 14:23:20.921"/>
</kw>
<if>
<branch type="IF" condition="'${rowInvoiceNumber}' == '${InvoiceNumber}'">
<kw name="Log" library="BuiltIn">
<arg>Lisätään rivejä laskulle</arg>
<doc>Logs the given message with the given level.</doc>
<status status="NOT RUN" starttime="20230307 14:23:20.922" endtime="20230307 14:23:20.922"/>
</kw>
<kw name="Add Row Data to List">
<arg>${items}</arg>
<status status="NOT RUN" starttime="20230307 14:23:20.922" endtime="20230307 14:23:20.922"/>
</kw>
<status status="NOT RUN" starttime="20230307 14:23:20.922" endtime="20230307 14:23:20.922"/>
</branch>
<branch type="ELSE">
<kw name="Log" library="BuiltIn">
<arg>Onko tietokantalistassa jo rivejä</arg>
<doc>Logs the given message with the given level.</doc>
<msg timestamp="20230307 14:23:20.923" level="INFO">Onko tietokantalistassa jo rivejä</msg>
<status status="PASS" starttime="20230307 14:23:20.923" endtime="20230307 14:23:20.923"/>
</kw>
<kw name="Get Length" library="BuiltIn">
<var>${length}</var>
<arg>${ListToDB}</arg>
<doc>Returns and logs the length of the given item as an integer.</doc>
<msg timestamp="20230307 14:23:20.924" level="INFO">Length is 2</msg>
<msg timestamp="20230307 14:23:20.924" level="INFO">${length} = 2</msg>
<status status="PASS" starttime="20230307 14:23:20.923" endtime="20230307 14:23:20.924"/>
</kw>
<if>
<branch type="IF" condition="${length} == ${0}">
<kw name="Log" library="BuiltIn">
<arg>Ensimmäisen laskun tapaus</arg>
<doc>Logs the given message with the given level.</doc>
<status status="NOT RUN" starttime="20230307 14:23:20.924" endtime="20230307 14:23:20.925"/>
</kw>
<kw name="Set Variable" library="BuiltIn">
<var>${InvoiceNumber}</var>
<arg>${rowInvoiceNumber}</arg>
<doc>Returns the given values which can then be assigned to a variables.</doc>
<status status="NOT RUN" starttime="20230307 14:23:20.925" endtime="20230307 14:23:20.925"/>
</kw>
<kw name="Set Global Variable" library="BuiltIn">
<arg>${InvoiceNumber}</arg>
<doc>Makes a variable available globally in all tests and suites.</doc>
<status status="NOT RUN" starttime="20230307 14:23:20.925" endtime="20230307 14:23:20.925"/>
</kw>
<kw name="Add Row Data to List">
<arg>${items}</arg>
<status status="NOT RUN" starttime="20230307 14:23:20.925" endtime="20230307 14:23:20.925"/>
</kw>
<status status="NOT RUN" starttime="20230307 14:23:20.924" endtime="20230307 14:23:20.925"/>
</branch>
<branch type="ELSE">
<kw name="Log" library="BuiltIn">
<arg>Lasku vaihtuu, pitää käsitellä myös otsikkodata</arg>
<doc>Logs the given message with the given level.</doc>
<msg timestamp="20230307 14:23:20.926" level="INFO">Lasku vaihtuu, pitää käsitellä myös otsikkodata</msg>
<status status="PASS" starttime="20230307 14:23:20.926" endtime="20230307 14:23:20.926"/>
</kw>
<for flavor="IN">
<var>${headerElement}</var>
<value>@{headers}</value>
<iter>
<var name="${headerElement}">07.04.2021;143143;Service Provider Oy;1431432;15.12.2022;1234567-8;FI12 3456 7890 1234 56;1350;324;1674</var>
<kw name="Split String" library="String">
<var>${headerItems}</var>
<arg>${headerElement}</arg>
<arg>;</arg>
<doc>Splits the ``string`` using ``separator`` as a delimiter string.</doc>
<msg timestamp="20230307 14:23:20.927" level="INFO">${headerItems} = ['07.04.2021', '143143', 'Service Provider Oy', '1431432', '15.12.2022', '1234567-8', 'FI12 3456 7890 1234 56', '1350', '324', '1674']</msg>
<status status="PASS" starttime="20230307 14:23:20.927" endtime="20230307 14:23:20.927"/>
</kw>
<if>
<branch type="IF" condition="'${headerItems}[0]' == '${InvoiceNumber}'">
<kw name="Log" library="BuiltIn">
<arg>Laksu löytyi</arg>
<doc>Logs the given message with the given level.</doc>
<status status="NOT RUN" starttime="20230307 14:23:20.928" endtime="20230307 14:23:20.928"/>
</kw>
<kw name="Add Invoice Header to DB">
<arg>${headerItems}</arg>
<arg>${ListToDB}</arg>
<status status="NOT RUN" starttime="20230307 14:23:20.928" endtime="20230307 14:23:20.928"/>
</kw>
<for flavor="IN">
<var>${rowElement}</var>
<value>@{ListToDB}</value>
<iter>
<var name="${rowElement}"/>
<kw name="Add Invoice Row To DB">
<arg>${rowElement}</arg>
<status status="NOT RUN" starttime="20230307 14:23:20.928" endtime="20230307 14:23:20.928"/>
</kw>
<kw name="Create List" library="BuiltIn">
<var>${ListToDB}</var>
<doc>Returns a list containing given items.</doc>
<status status="NOT RUN" starttime="20230307 14:23:20.929" endtime="20230307 14:23:20.929"/>
</kw>
<kw name="Set Global Variable" library="BuiltIn">
<arg>${ListToDB}</arg>
<doc>Makes a variable available globally in all tests and suites.</doc>
<status status="NOT RUN" starttime="20230307 14:23:20.929" endtime="20230307 14:23:20.929"/>
</kw>
<kw name="Set Variable" library="BuiltIn">
<var>${InvoiceNumber}</var>
<arg>${rowInvoiceNumber}</arg>
<doc>Returns the given values which can then be assigned to a variables.</doc>
<status status="NOT RUN" starttime="20230307 14:23:20.929" endtime="20230307 14:23:20.929"/>
</kw>
<kw name="Set Global Variable" library="BuiltIn">
<arg>${InvoiceNumber}</arg>
<doc>Makes a variable available globally in all tests and suites.</doc>
<status status="NOT RUN" starttime="20230307 14:23:20.929" endtime="20230307 14:23:20.929"/>
</kw>
<kw name="Add Row Data to List">
<arg>${items}</arg>
<status status="NOT RUN" starttime="20230307 14:23:20.930" endtime="20230307 14:23:20.930"/>
</kw>
<status status="NOT RUN" starttime="20230307 14:23:20.928" endtime="20230307 14:23:20.930"/>
</iter>
<status status="NOT RUN" starttime="20230307 14:23:20.928" endtime="20230307 14:23:20.930"/>
</for>
<status status="NOT RUN" starttime="20230307 14:23:20.927" endtime="20230307 14:23:20.930"/>
</branch>
<status status="PASS" starttime="20230307 14:23:20.927" endtime="20230307 14:23:20.930"/>
</if>
<status status="PASS" starttime="20230307 14:23:20.926" endtime="20230307 14:23:20.930"/>
</iter>
<iter>
<var name="${headerElement}">15.10.2022;1543235;Component Oy;15432359;01.10.2022;1234567-9;FI05 1234 5600 7891 01;465;111.6;576.6</var>
<kw name="Split String" library="String">
<var>${headerItems}</var>
<arg>${headerElement}</arg>
<arg>;</arg>
<doc>Splits the ``string`` using ``separator`` as a delimiter string.</doc>
<msg timestamp="20230307 14:23:20.931" level="INFO">${headerItems} = ['15.10.2022', '1543235', 'Component Oy', '15432359', '01.10.2022', '1234567-9', 'FI05 1234 5600 7891 01', '465', '111.6', '576.6']</msg>
<status status="PASS" starttime="20230307 14:23:20.930" endtime="20230307 14:23:20.931"/>
</kw>
<if>
<branch type="IF" condition="'${headerItems}[0]' == '${InvoiceNumber}'">
<kw name="Log" library="BuiltIn">
<arg>Laksu löytyi</arg>
<doc>Logs the given message with the given level.</doc>
<status status="NOT RUN" starttime="20230307 14:23:20.931" endtime="20230307 14:23:20.931"/>
</kw>
<kw name="Add Invoice Header to DB">
<arg>${headerItems}</arg>
<arg>${ListToDB}</arg>
<status status="NOT RUN" starttime="20230307 14:23:20.931" endtime="20230307 14:23:20.932"/>
</kw>
<for flavor="IN">
<var>${rowElement}</var>
<value>@{ListToDB}</value>
<iter>
<var name="${rowElement}"/>
<kw name="Add Invoice Row To DB">
<arg>${rowElement}</arg>
<status status="NOT RUN" starttime="20230307 14:23:20.935" endtime="20230307 14:23:20.935"/>
</kw>
<kw name="Create List" library="BuiltIn">
<var>${ListToDB}</var>
<doc>Returns a list containing given items.</doc>
<status status="NOT RUN" starttime="20230307 14:23:20.935" endtime="20230307 14:23:20.935"/>
</kw>
<kw name="Set Global Variable" library="BuiltIn">
<arg>${ListToDB}</arg>
<doc>Makes a variable available globally in all tests and suites.</doc>
<status status="NOT RUN" starttime="20230307 14:23:20.935" endtime="20230307 14:23:20.936"/>
</kw>
<kw name="Set Variable" library="BuiltIn">
<var>${InvoiceNumber}</var>
<arg>${rowInvoiceNumber}</arg>
<doc>Returns the given values which can then be assigned to a variables.</doc>
<status status="NOT RUN" starttime="20230307 14:23:20.936" endtime="20230307 14:23:20.936"/>
</kw>
<kw name="Set Global Variable" library="BuiltIn">
<arg>${InvoiceNumber}</arg>
<doc>Makes a variable available globally in all tests and suites.</doc>
<status status="NOT RUN" starttime="20230307 14:23:20.936" endtime="20230307 14:23:20.936"/>
</kw>
<kw name="Add Row Data to List">
<arg>${items}</arg>
<status status="NOT RUN" starttime="20230307 14:23:20.937" endtime="20230307 14:23:20.937"/>
</kw>
<status status="NOT RUN" starttime="20230307 14:23:20.933" endtime="20230307 14:23:20.937"/>
</iter>
<status status="NOT RUN" starttime="20230307 14:23:20.933" endtime="20230307 14:23:20.937"/>
</for>
<status status="NOT RUN" starttime="20230307 14:23:20.931" endtime="20230307 14:23:20.937"/>
</branch>
<status status="PASS" starttime="20230307 14:23:20.931" endtime="20230307 14:23:20.937"/>
</if>
<status status="PASS" starttime="20230307 14:23:20.930" endtime="20230307 14:23:20.937"/>
</iter>
<iter>
<var name="${headerElement}">01.04.2021;153143;Service Provider Oy;1531439;15.12.2022;1234567-8;FI12 3456 7890 1234 56;2700;648;3348</var>
<kw name="Split String" library="String">
<var>${headerItems}</var>
<arg>${headerElement}</arg>
<arg>;</arg>
<doc>Splits the ``string`` using ``separator`` as a delimiter string.</doc>
<msg timestamp="20230307 14:23:20.938" level="INFO">${headerItems} = ['01.04.2021', '153143', 'Service Provider Oy', '1531439', '15.12.2022', '1234567-8', 'FI12 3456 7890 1234 56', '2700', '648', '3348']</msg>
<status status="PASS" starttime="20230307 14:23:20.938" endtime="20230307 14:23:20.938"/>
</kw>
<if>
<branch type="IF" condition="'${headerItems}[0]' == '${InvoiceNumber}'">
<kw name="Log" library="BuiltIn">
<arg>Laksu löytyi</arg>
<doc>Logs the given message with the given level.</doc>
<status status="NOT RUN" starttime="20230307 14:23:20.939" endtime="20230307 14:23:20.939"/>
</kw>
<kw name="Add Invoice Header to DB">
<arg>${headerItems}</arg>
<arg>${ListToDB}</arg>
<status status="NOT RUN" starttime="20230307 14:23:20.939" endtime="20230307 14:23:20.939"/>
</kw>
<for flavor="IN">
<var>${rowElement}</var>
<value>@{ListToDB}</value>
<iter>
<var name="${rowElement}"/>
<kw name="Add Invoice Row To DB">
<arg>${rowElement}</arg>
<status status="NOT RUN" starttime="20230307 14:23:20.939" endtime="20230307 14:23:20.940"/>
</kw>
<kw name="Create List" library="BuiltIn">
<var>${ListToDB}</var>
<doc>Returns a list containing given items.</doc>
<status status="NOT RUN" starttime="20230307 14:23:20.940" endtime="20230307 14:23:20.940"/>
</kw>
<kw name="Set Global Variable" library="BuiltIn">
<arg>${ListToDB}</arg>
<doc>Makes a variable available globally in all tests and suites.</doc>
<status status="NOT RUN" starttime="20230307 14:23:20.940" endtime="20230307 14:23:20.940"/>
</kw>
<kw name="Set Variable" library="BuiltIn">
<var>${InvoiceNumber}</var>
<arg>${rowInvoiceNumber}</arg>
<doc>Returns the given values which can then be assigned to a variables.</doc>
<status status="NOT RUN" starttime="20230307 14:23:20.940" endtime="20230307 14:23:20.940"/>
</kw>
<kw name="Set Global Variable" library="BuiltIn">
<arg>${InvoiceNumber}</arg>
<doc>Makes a variable available globally in all tests and suites.</doc>
<status status="NOT RUN" starttime="20230307 14:23:20.940" endtime="20230307 14:23:20.941"/>
</kw>
<kw name="Add Row Data to List">
<arg>${items}</arg>
<status status="NOT RUN" starttime="20230307 14:23:20.941" endtime="20230307 14:23:20.941"/>
</kw>
<status status="NOT RUN" starttime="20230307 14:23:20.939" endtime="20230307 14:23:20.941"/>
</iter>
<status status="NOT RUN" starttime="20230307 14:23:20.939" endtime="20230307 14:23:20.941"/>
</for>
<status status="NOT RUN" starttime="20230307 14:23:20.939" endtime="20230307 14:23:20.941"/>
</branch>
<status status="PASS" starttime="20230307 14:23:20.938" endtime="20230307 14:23:20.941"/>
</if>
<status status="PASS" starttime="20230307 14:23:20.938" endtime="20230307 14:23:20.941"/>
</iter>
<status status="PASS" starttime="20230307 14:23:20.926" endtime="20230307 14:23:20.941"/>
</for>
<status status="PASS" starttime="20230307 14:23:20.926" endtime="20230307 14:23:20.941"/>
</branch>
<status status="PASS" starttime="20230307 14:23:20.924" endtime="20230307 14:23:20.942"/>
</if>
<status status="PASS" starttime="20230307 14:23:20.923" endtime="20230307 14:23:20.942"/>
</branch>
<status status="PASS" starttime="20230307 14:23:20.922" endtime="20230307 14:23:20.942"/>
</if>
<status status="PASS" starttime="20230307 14:23:20.914" endtime="20230307 14:23:20.942"/>
</iter>
<iter>
<var name="${element}">Brother printer;1;kpl;65;24;15.6;80.6;1543235;2</var>
<kw name="Log" library="BuiltIn">
<arg>${element}</arg>
<doc>Logs the given message with the given level.</doc>
<msg timestamp="20230307 14:23:20.942" level="INFO">Brother printer;1;kpl;65;24;15.6;80.6;1543235;2</msg>
<status status="PASS" starttime="20230307 14:23:20.942" endtime="20230307 14:23:20.942"/>
</kw>
<kw name="Split String" library="String">
<var>@{items}</var>
<arg>${element}</arg>
<arg>;</arg>
<doc>Splits the ``string`` using ``separator`` as a delimiter string.</doc>
<msg timestamp="20230307 14:23:20.943" level="INFO">@{items} = [ Brother printer | 1 | kpl | 65 | 24 | 15.6 | 80.6 | 1543235 | 2 ]</msg>
<status status="PASS" starttime="20230307 14:23:20.943" endtime="20230307 14:23:20.943"/>
</kw>
<kw name="Set Variable" library="BuiltIn">
<var>${rowInvoiceNumber}</var>
<arg>${items}[7]</arg>
<doc>Returns the given values which can then be assigned to a variables.</doc>
<msg timestamp="20230307 14:23:20.944" level="INFO">${rowInvoiceNumber} = 1543235</msg>
<status status="PASS" starttime="20230307 14:23:20.943" endtime="20230307 14:23:20.944"/>
</kw>
<kw name="Log" library="BuiltIn">
<arg>${InvoiceNumber}</arg>
<doc>Logs the given message with the given level.</doc>
<msg timestamp="20230307 14:23:20.944" level="INFO">143143</msg>
<status status="PASS" starttime="20230307 14:23:20.944" endtime="20230307 14:23:20.944"/>
</kw>
<kw name="Log" library="BuiltIn">
<arg>${rowInvoiceNumber}</arg>
<doc>Logs the given message with the given level.</doc>
<msg timestamp="20230307 14:23:20.944" level="INFO">1543235</msg>
<status status="PASS" starttime="20230307 14:23:20.944" endtime="20230307 14:23:20.945"/>
</kw>
<if>
<branch type="IF" condition="'${rowInvoiceNumber}' == '${InvoiceNumber}'">
<kw name="Log" library="BuiltIn">
<arg>Lisätään rivejä laskulle</arg>
<doc>Logs the given message with the given level.</doc>
<status status="NOT RUN" starttime="20230307 14:23:20.945" endtime="20230307 14:23:20.945"/>
</kw>
<kw name="Add Row Data to List">
<arg>${items}</arg>
<status status="NOT RUN" starttime="20230307 14:23:20.945" endtime="20230307 14:23:20.945"/>
</kw>
<status status="NOT RUN" starttime="20230307 14:23:20.945" endtime="20230307 14:23:20.945"/>
</branch>
<branch type="ELSE">
<kw name="Log" library="BuiltIn">
<arg>Onko tietokantalistassa jo rivejä</arg>
<doc>Logs the given message with the given level.</doc>
<msg timestamp="20230307 14:23:20.946" level="INFO">Onko tietokantalistassa jo rivejä</msg>
<status status="PASS" starttime="20230307 14:23:20.946" endtime="20230307 14:23:20.946"/>
</kw>
<kw name="Get Length" library="BuiltIn">
<var>${length}</var>
<arg>${ListToDB}</arg>
<doc>Returns and logs the length of the given item as an integer.</doc>
<msg timestamp="20230307 14:23:20.946" level="INFO">Length is 2</msg>
<msg timestamp="20230307 14:23:20.947" level="INFO">${length} = 2</msg>
<status status="PASS" starttime="20230307 14:23:20.946" endtime="20230307 14:23:20.947"/>
</kw>
<if>
<branch type="IF" condition="${length} == ${0}">
<kw name="Log" library="BuiltIn">
<arg>Ensimmäisen laskun tapaus</arg>
<doc>Logs the given message with the given level.</doc>
<status status="NOT RUN" starttime="20230307 14:23:20.947" endtime="20230307 14:23:20.948"/>
</kw>
<kw name="Set Variable" library="BuiltIn">
<var>${InvoiceNumber}</var>
<arg>${rowInvoiceNumber}</arg>
<doc>Returns the given values which can then be assigned to a variables.</doc>
<status status="NOT RUN" starttime="20230307 14:23:20.948" endtime="20230307 14:23:20.949"/>
</kw>
<kw name="Set Global Variable" library="BuiltIn">
<arg>${InvoiceNumber}</arg>
<doc>Makes a variable available globally in all tests and suites.</doc>
<status status="NOT RUN" starttime="20230307 14:23:20.950" endtime="20230307 14:23:20.951"/>
</kw>
<kw name="Add Row Data to List">
<arg>${items}</arg>
<status status="NOT RUN" starttime="20230307 14:23:20.951" endtime="20230307 14:23:20.951"/>
</kw>
<status status="NOT RUN" starttime="20230307 14:23:20.947" endtime="20230307 14:23:20.951"/>
</branch>
<branch type="ELSE">
<kw name="Log" library="BuiltIn">
<arg>Lasku vaihtuu, pitää käsitellä myös otsikkodata</arg>
<doc>Logs the given message with the given level.</doc>
<msg timestamp="20230307 14:23:20.952" level="INFO">Lasku vaihtuu, pitää käsitellä myös otsikkodata</msg>
<status status="PASS" starttime="20230307 14:23:20.952" endtime="20230307 14:23:20.953"/>
</kw>
<for flavor="IN">
<var>${headerElement}</var>
<value>@{headers}</value>
<iter>
<var name="${headerElement}">07.04.2021;143143;Service Provider Oy;1431432;15.12.2022;1234567-8;FI12 3456 7890 1234 56;1350;324;1674</var>
<kw name="Split String" library="String">
<var>${headerItems}</var>
<arg>${headerElement}</arg>
<arg>;</arg>
<doc>Splits the ``string`` using ``separator`` as a delimiter string.</doc>
<msg timestamp="20230307 14:23:20.953" level="INFO">${headerItems} = ['07.04.2021', '143143', 'Service Provider Oy', '1431432', '15.12.2022', '1234567-8', 'FI12 3456 7890 1234 56', '1350', '324', '1674']</msg>
<status status="PASS" starttime="20230307 14:23:20.953" endtime="20230307 14:23:20.954"/>
</kw>
<if>
<branch type="IF" condition="'${headerItems}[0]' == '${InvoiceNumber}'">
<kw name="Log" library="BuiltIn">
<arg>Laksu löytyi</arg>
<doc>Logs the given message with the given level.</doc>
<status status="NOT RUN" starttime="20230307 14:23:20.954" endtime="20230307 14:23:20.954"/>
</kw>
<kw name="Add Invoice Header to DB">
<arg>${headerItems}</arg>
<arg>${ListToDB}</arg>
<status status="NOT RUN" starttime="20230307 14:23:20.954" endtime="20230307 14:23:20.955"/>
</kw>
<for flavor="IN">
<var>${rowElement}</var>
<value>@{ListToDB}</value>
<iter>
<var name="${rowElement}"/>
<kw name="Add Invoice Row To DB">
<arg>${rowElement}</arg>
<status status="NOT RUN" starttime="20230307 14:23:20.956" endtime="20230307 14:23:20.956"/>
</kw>
<kw name="Create List" library="BuiltIn">
<var>${ListToDB}</var>
<doc>Returns a list containing given items.</doc>
<status status="NOT RUN" starttime="20230307 14:23:20.956" endtime="20230307 14:23:20.956"/>
</kw>
<kw name="Set Global Variable" library="BuiltIn">
<arg>${ListToDB}</arg>
<doc>Makes a variable available globally in all tests and suites.</doc>
<status status="NOT RUN" starttime="20230307 14:23:20.957" endtime="20230307 14:23:20.957"/>
</kw>
<kw name="Set Variable" library="BuiltIn">
<var>${InvoiceNumber}</var>
<arg>${rowInvoiceNumber}</arg>
<doc>Returns the given values which can then be assigned to a variables.</doc>
<status status="NOT RUN" starttime="20230307 14:23:20.957" endtime="20230307 14:23:20.957"/>
</kw>
<kw name="Set Global Variable" library="BuiltIn">
<arg>${InvoiceNumber}</arg>
<doc>Makes a variable available globally in all tests and suites.</doc>
<status status="NOT RUN" starttime="20230307 14:23:20.957" endtime="20230307 14:23:20.957"/>
</kw>
<kw name="Add Row Data to List">
<arg>${items}</arg>
<status status="NOT RUN" starttime="20230307 14:23:20.957" endtime="20230307 14:23:20.957"/>
</kw>
<status status="NOT RUN" starttime="20230307 14:23:20.955" endtime="20230307 14:23:20.958"/>
</iter>
<status status="NOT RUN" starttime="20230307 14:23:20.955" endtime="20230307 14:23:20.958"/>
</for>
<status status="NOT RUN" starttime="20230307 14:23:20.954" endtime="20230307 14:23:20.958"/>
</branch>
<status status="PASS" starttime="20230307 14:23:20.954" endtime="20230307 14:23:20.958"/>
</if>
<status status="PASS" starttime="20230307 14:23:20.953" endtime="20230307 14:23:20.958"/>
</iter>
<iter>
<var name="${headerElement}">15.10.2022;1543235;Component Oy;15432359;01.10.2022;1234567-9;FI05 1234 5600 7891 01;465;111.6;576.6</var>
<kw name="Split String" library="String">
<var>${headerItems}</var>
<arg>${headerElement}</arg>
<arg>;</arg>
<doc>Splits the ``string`` using ``separator`` as a delimiter string.</doc>
<msg timestamp="20230307 14:23:20.959" level="INFO">${headerItems} = ['15.10.2022', '1543235', 'Component Oy', '15432359', '01.10.2022', '1234567-9', 'FI05 1234 5600 7891 01', '465', '111.6', '576.6']</msg>
<status status="PASS" starttime="20230307 14:23:20.958" endtime="20230307 14:23:20.959"/>
</kw>
<if>
<branch type="IF" condition="'${headerItems}[0]' == '${InvoiceNumber}'">
<kw name="Log" library="BuiltIn">
<arg>Laksu löytyi</arg>
<doc>Logs the given message with the given level.</doc>
<status status="NOT RUN" starttime="20230307 14:23:20.959" endtime="20230307 14:23:20.959"/>
</kw>
<kw name="Add Invoice Header to DB">
<arg>${headerItems}</arg>
<arg>${ListToDB}</arg>
<status status="NOT RUN" starttime="20230307 14:23:20.959" endtime="20230307 14:23:20.959"/>
</kw>
<for flavor="IN">
<var>${rowElement}</var>
<value>@{ListToDB}</value>
<iter>
<var name="${rowElement}"/>
<kw name="Add Invoice Row To DB">
<arg>${rowElement}</arg>
<status status="NOT RUN" starttime="20230307 14:23:20.960" endtime="20230307 14:23:20.960"/>
</kw>
<kw name="Create List" library="BuiltIn">
<var>${ListToDB}</var>
<doc>Returns a list containing given items.</doc>
<status status="NOT RUN" starttime="20230307 14:23:20.960" endtime="20230307 14:23:20.960"/>
</kw>
<kw name="Set Global Variable" library="BuiltIn">
<arg>${ListToDB}</arg>
<doc>Makes a variable available globally in all tests and suites.</doc>
<status status="NOT RUN" starttime="20230307 14:23:20.960" endtime="20230307 14:23:20.960"/>
</kw>
<kw name="Set Variable" library="BuiltIn">
<var>${InvoiceNumber}</var>
<arg>${rowInvoiceNumber}</arg>
<doc>Returns the given values which can then be assigned to a variables.</doc>
<status status="NOT RUN" starttime="20230307 14:23:20.961" endtime="20230307 14:23:20.961"/>
</kw>
<kw name="Set Global Variable" library="BuiltIn">
<arg>${InvoiceNumber}</arg>
<doc>Makes a variable available globally in all tests and suites.</doc>
<status status="NOT RUN" starttime="20230307 14:23:20.961" endtime="20230307 14:23:20.961"/>
</kw>
<kw name="Add Row Data to List">
<arg>${items}</arg>
<status status="NOT RUN" starttime="20230307 14:23:20.961" endtime="20230307 14:23:20.961"/>
</kw>
<status status="NOT RUN" starttime="20230307 14:23:20.960" endtime="20230307 14:23:20.961"/>
</iter>
<status status="NOT RUN" starttime="20230307 14:23:20.960" endtime="20230307 14:23:20.961"/>
</for>
<status status="NOT RUN" starttime="20230307 14:23:20.959" endtime="20230307 14:23:20.961"/>
</branch>
<status status="PASS" starttime="20230307 14:23:20.959" endtime="20230307 14:23:20.962"/>
</if>
<status status="PASS" starttime="20230307 14:23:20.958" endtime="20230307 14:23:20.962"/>
</iter>
<iter>
<var name="${headerElement}">01.04.2021;153143;Service Provider Oy;1531439;15.12.2022;1234567-8;FI12 3456 7890 1234 56;2700;648;3348</var>
<kw name="Split String" library="String">
<var>${headerItems}</var>
<arg>${headerElement}</arg>
<arg>;</arg>
<doc>Splits the ``string`` using ``separator`` as a delimiter string.</doc>
<msg timestamp="20230307 14:23:20.962" level="INFO">${headerItems} = ['01.04.2021', '153143', 'Service Provider Oy', '1531439', '15.12.2022', '1234567-8', 'FI12 3456 7890 1234 56', '2700', '648', '3348']</msg>
<status status="PASS" starttime="20230307 14:23:20.962" endtime="20230307 14:23:20.962"/>
</kw>
<if>
<branch type="IF" condition="'${headerItems}[0]' == '${InvoiceNumber}'">
<kw name="Log" library="BuiltIn">
<arg>Laksu löytyi</arg>
<doc>Logs the given message with the given level.</doc>
<status status="NOT RUN" starttime="20230307 14:23:20.963" endtime="20230307 14:23:20.963"/>
</kw>
<kw name="Add Invoice Header to DB">
<arg>${headerItems}</arg>
<arg>${ListToDB}</arg>
<status status="NOT RUN" starttime="20230307 14:23:20.964" endtime="20230307 14:23:20.964"/>
</kw>
<for flavor="IN">
<var>${rowElement}</var>
<value>@{ListToDB}</value>
<iter>
<var name="${rowElement}"/>
<kw name="Add Invoice Row To DB">
<arg>${rowElement}</arg>
<status status="NOT RUN" starttime="20230307 14:23:20.964" endtime="20230307 14:23:20.965"/>
</kw>
<kw name="Create List" library="BuiltIn">
<var>${ListToDB}</var>
<doc>Returns a list containing given items.</doc>
<status status="NOT RUN" starttime="20230307 14:23:20.965" endtime="20230307 14:23:20.965"/>
</kw>
<kw name="Set Global Variable" library="BuiltIn">
<arg>${ListToDB}</arg>
<doc>Makes a variable available globally in all tests and suites.</doc>
<status status="NOT RUN" starttime="20230307 14:23:20.966" endtime="20230307 14:23:20.967"/>
</kw>
<kw name="Set Variable" library="BuiltIn">
<var>${InvoiceNumber}</var>
<arg>${rowInvoiceNumber}</arg>
<doc>Returns the given values which can then be assigned to a variables.</doc>
<status status="NOT RUN" starttime="20230307 14:23:20.967" endtime="20230307 14:23:20.968"/>
</kw>
<kw name="Set Global Variable" library="BuiltIn">
<arg>${InvoiceNumber}</arg>
<doc>Makes a variable available globally in all tests and suites.</doc>
<status status="NOT RUN" starttime="20230307 14:23:20.968" endtime="20230307 14:23:20.968"/>
</kw>
<kw name="Add Row Data to List">
<arg>${items}</arg>
<status status="NOT RUN" starttime="20230307 14:23:20.968" endtime="20230307 14:23:20.969"/>
</kw>
<status status="NOT RUN" starttime="20230307 14:23:20.964" endtime="20230307 14:23:20.969"/>
</iter>
<status status="NOT RUN" starttime="20230307 14:23:20.964" endtime="20230307 14:23:20.969"/>
</for>
<status status="NOT RUN" starttime="20230307 14:23:20.963" endtime="20230307 14:23:20.969"/>
</branch>
<status status="PASS" starttime="20230307 14:23:20.963" endtime="20230307 14:23:20.969"/>
</if>
<status status="PASS" starttime="20230307 14:23:20.962" endtime="20230307 14:23:20.969"/>
</iter>
<status status="PASS" starttime="20230307 14:23:20.953" endtime="20230307 14:23:20.969"/>
</for>
<status status="PASS" starttime="20230307 14:23:20.952" endtime="20230307 14:23:20.969"/>
</branch>
<status status="PASS" starttime="20230307 14:23:20.947" endtime="20230307 14:23:20.969"/>
</if>
<status status="PASS" starttime="20230307 14:23:20.946" endtime="20230307 14:23:20.969"/>
</branch>
<status status="PASS" starttime="20230307 14:23:20.945" endtime="20230307 14:23:20.969"/>
</if>
<status status="PASS" starttime="20230307 14:23:20.942" endtime="20230307 14:23:20.969"/>
</iter>
<iter>
<var name="${element}">Installation Services;5;h;60;24;72;372;153143;1</var>
<kw name="Log" library="BuiltIn">
<arg>${element}</arg>
<doc>Logs the given message with the given level.</doc>
<msg timestamp="20230307 14:23:20.971" level="INFO">Installation Services;5;h;60;24;72;372;153143;1</msg>
<status status="PASS" starttime="20230307 14:23:20.971" endtime="20230307 14:23:20.971"/>
</kw>
<kw name="Split String" library="String">
<var>@{items}</var>
<arg>${element}</arg>
<arg>;</arg>
<doc>Splits the ``string`` using ``separator`` as a delimiter string.</doc>
<msg timestamp="20230307 14:23:20.972" level="INFO">@{items} = [ Installation Services | 5 | h | 60 | 24 | 72 | 372 | 153143 | 1 ]</msg>
<status status="PASS" starttime="20230307 14:23:20.971" endtime="20230307 14:23:20.972"/>
</kw>
<kw name="Set Variable" library="BuiltIn">
<var>${rowInvoiceNumber}</var>
<arg>${items}[7]</arg>
<doc>Returns the given values which can then be assigned to a variables.</doc>
<msg timestamp="20230307 14:23:20.972" level="INFO">${rowInvoiceNumber} = 153143</msg>
<status status="PASS" starttime="20230307 14:23:20.972" endtime="20230307 14:23:20.972"/>
</kw>
<kw name="Log" library="BuiltIn">
<arg>${InvoiceNumber}</arg>
<doc>Logs the given message with the given level.</doc>
<msg timestamp="20230307 14:23:20.973" level="INFO">143143</msg>
<status status="PASS" starttime="20230307 14:23:20.973" endtime="20230307 14:23:20.973"/>
</kw>
<kw name="Log" library="BuiltIn">
<arg>${rowInvoiceNumber}</arg>
<doc>Logs the given message with the given level.</doc>
<msg timestamp="20230307 14:23:20.973" level="INFO">153143</msg>
<status status="PASS" starttime="20230307 14:23:20.973" endtime="20230307 14:23:20.974"/>
</kw>
<if>
<branch type="IF" condition="'${rowInvoiceNumber}' == '${InvoiceNumber}'">
<kw name="Log" library="BuiltIn">
<arg>Lisätään rivejä laskulle</arg>
<doc>Logs the given message with the given level.</doc>
<status status="NOT RUN" starttime="20230307 14:23:20.974" endtime="20230307 14:23:20.974"/>
</kw>
<kw name="Add Row Data to List">
<arg>${items}</arg>
<status status="NOT RUN" starttime="20230307 14:23:20.974" endtime="20230307 14:23:20.974"/>
</kw>
<status status="NOT RUN" starttime="20230307 14:23:20.974" endtime="20230307 14:23:20.974"/>
</branch>
<branch type="ELSE">
<kw name="Log" library="BuiltIn">
<arg>Onko tietokantalistassa jo rivejä</arg>
<doc>Logs the given message with the given level.</doc>
<msg timestamp="20230307 14:23:20.975" level="INFO">Onko tietokantalistassa jo rivejä</msg>
<status status="PASS" starttime="20230307 14:23:20.975" endtime="20230307 14:23:20.975"/>
</kw>
<kw name="Get Length" library="BuiltIn">
<var>${length}</var>
<arg>${ListToDB}</arg>
<doc>Returns and logs the length of the given item as an integer.</doc>
<msg timestamp="20230307 14:23:20.975" level="INFO">Length is 2</msg>
<msg timestamp="20230307 14:23:20.976" level="INFO">${length} = 2</msg>
<status status="PASS" starttime="20230307 14:23:20.975" endtime="20230307 14:23:20.976"/>
</kw>
<if>
<branch type="IF" condition="${length} == ${0}">
<kw name="Log" library="BuiltIn">
<arg>Ensimmäisen laskun tapaus</arg>
<doc>Logs the given message with the given level.</doc>
<status status="NOT RUN" starttime="20230307 14:23:20.976" endtime="20230307 14:23:20.976"/>
</kw>
<kw name="Set Variable" library="BuiltIn">
<var>${InvoiceNumber}</var>
<arg>${rowInvoiceNumber}</arg>
<doc>Returns the given values which can then be assigned to a variables.</doc>
<status status="NOT RUN" starttime="20230307 14:23:20.976" endtime="20230307 14:23:20.976"/>
</kw>
<kw name="Set Global Variable" library="BuiltIn">
<arg>${InvoiceNumber}</arg>
<doc>Makes a variable available globally in all tests and suites.</doc>
<status status="NOT RUN" starttime="20230307 14:23:20.976" endtime="20230307 14:23:20.976"/>
</kw>
<kw name="Add Row Data to List">
<arg>${items}</arg>
<status status="NOT RUN" starttime="20230307 14:23:20.976" endtime="20230307 14:23:20.976"/>
</kw>
<status status="NOT RUN" starttime="20230307 14:23:20.976" endtime="20230307 14:23:20.976"/>
</branch>
<branch type="ELSE">
<kw name="Log" library="BuiltIn">
<arg>Lasku vaihtuu, pitää käsitellä myös otsikkodata</arg>
<doc>Logs the given message with the given level.</doc>
<msg timestamp="20230307 14:23:20.977" level="INFO">Lasku vaihtuu, pitää käsitellä myös otsikkodata</msg>
<status status="PASS" starttime="20230307 14:23:20.977" endtime="20230307 14:23:20.977"/>
</kw>
<for flavor="IN">
<var>${headerElement}</var>
<value>@{headers}</value>
<iter>
<var name="${headerElement}">07.04.2021;143143;Service Provider Oy;1431432;15.12.2022;1234567-8;FI12 3456 7890 1234 56;1350;324;1674</var>
<kw name="Split String" library="String">
<var>${headerItems}</var>
<arg>${headerElement}</arg>
<arg>;</arg>
<doc>Splits the ``string`` using ``separator`` as a delimiter string.</doc>
<msg timestamp="20230307 14:23:20.979" level="INFO">${headerItems} = ['07.04.2021', '143143', 'Service Provider Oy', '1431432', '15.12.2022', '1234567-8', 'FI12 3456 7890 1234 56', '1350', '324', '1674']</msg>
<status status="PASS" starttime="20230307 14:23:20.977" endtime="20230307 14:23:20.979"/>
</kw>
<if>
<branch type="IF" condition="'${headerItems}[0]' == '${InvoiceNumber}'">
<kw name="Log" library="BuiltIn">
<arg>Laksu löytyi</arg>
<doc>Logs the given message with the given level.</doc>
<status status="NOT RUN" starttime="20230307 14:23:20.979" endtime="20230307 14:23:20.979"/>
</kw>
<kw name="Add Invoice Header to DB">
<arg>${headerItems}</arg>
<arg>${ListToDB}</arg>
<status status="NOT RUN" starttime="20230307 14:23:20.979" endtime="20230307 14:23:20.979"/>
</kw>
<for flavor="IN">
<var>${rowElement}</var>
<value>@{ListToDB}</value>
<iter>
<var name="${rowElement}"/>
<kw name="Add Invoice Row To DB">
<arg>${rowElement}</arg>
<status status="NOT RUN" starttime="20230307 14:23:20.980" endtime="20230307 14:23:20.980"/>
</kw>
<kw name="Create List" library="BuiltIn">
<var>${ListToDB}</var>
<doc>Returns a list containing given items.</doc>
<status status="NOT RUN" starttime="20230307 14:23:20.980" endtime="20230307 14:23:20.980"/>
</kw>
<kw name="Set Global Variable" library="BuiltIn">
<arg>${ListToDB}</arg>
<doc>Makes a variable available globally in all tests and suites.</doc>
<status status="NOT RUN" starttime="20230307 14:23:20.980" endtime="20230307 14:23:20.982"/>
</kw>
<kw name="Set Variable" library="BuiltIn">
<var>${InvoiceNumber}</var>
<arg>${rowInvoiceNumber}</arg>
<doc>Returns the given values which can then be assigned to a variables.</doc>
<status status="NOT RUN" starttime="20230307 14:23:20.982" endtime="20230307 14:23:20.982"/>
</kw>
<kw name="Set Global Variable" library="BuiltIn">
<arg>${InvoiceNumber}</arg>
<doc>Makes a variable available globally in all tests and suites.</doc>
<status status="NOT RUN" starttime="20230307 14:23:20.982" endtime="20230307 14:23:20.982"/>
</kw>
<kw name="Add Row Data to List">
<arg>${items}</arg>
<status status="NOT RUN" starttime="20230307 14:23:20.983" endtime="20230307 14:23:20.983"/>
</kw>
<status status="NOT RUN" starttime="20230307 14:23:20.980" endtime="20230307 14:23:20.984"/>
</iter>
<status status="NOT RUN" starttime="20230307 14:23:20.979" endtime="20230307 14:23:20.984"/>
</for>
<status status="NOT RUN" starttime="20230307 14:23:20.979" endtime="20230307 14:23:20.984"/>
</branch>
<status status="PASS" starttime="20230307 14:23:20.979" endtime="20230307 14:23:20.984"/>
</if>
<status status="PASS" starttime="20230307 14:23:20.977" endtime="20230307 14:23:20.984"/>
</iter>
<iter>
<var name="${headerElement}">15.10.2022;1543235;Component Oy;15432359;01.10.2022;1234567-9;FI05 1234 5600 7891 01;465;111.6;576.6</var>
<kw name="Split String" library="String">
<var>${headerItems}</var>
<arg>${headerElement}</arg>
<arg>;</arg>
<doc>Splits the ``string`` using ``separator`` as a delimiter string.</doc>
<msg timestamp="20230307 14:23:20.985" level="INFO">${headerItems} = ['15.10.2022', '1543235', 'Component Oy', '15432359', '01.10.2022', '1234567-9', 'FI05 1234 5600 7891 01', '465', '111.6', '576.6']</msg>
<status status="PASS" starttime="20230307 14:23:20.985" endtime="20230307 14:23:20.986"/>
</kw>
<if>
<branch type="IF" condition="'${headerItems}[0]' == '${InvoiceNumber}'">
<kw name="Log" library="BuiltIn">
<arg>Laksu löytyi</arg>
<doc>Logs the given message with the given level.</doc>
<status status="NOT RUN" starttime="20230307 14:23:20.986" endtime="20230307 14:23:20.987"/>
</kw>
<kw name="Add Invoice Header to DB">
<arg>${headerItems}</arg>
<arg>${ListToDB}</arg>
<status status="NOT RUN" starttime="20230307 14:23:20.987" endtime="20230307 14:23:20.987"/>
</kw>
<for flavor="IN">
<var>${rowElement}</var>
<value>@{ListToDB}</value>
<iter>
<var name="${rowElement}"/>
<kw name="Add Invoice Row To DB">
<arg>${rowElement}</arg>
<status status="NOT RUN" starttime="20230307 14:23:20.987" endtime="20230307 14:23:20.987"/>
</kw>
<kw name="Create List" library="BuiltIn">
<var>${ListToDB}</var>
<doc>Returns a list containing given items.</doc>
<status status="NOT RUN" starttime="20230307 14:23:20.988" endtime="20230307 14:23:20.988"/>
</kw>
<kw name="Set Global Variable" library="BuiltIn">
<arg>${ListToDB}</arg>
<doc>Makes a variable available globally in all tests and suites.</doc>
<status status="NOT RUN" starttime="20230307 14:23:20.988" endtime="20230307 14:23:20.988"/>
</kw>
<kw name="Set Variable" library="BuiltIn">
<var>${InvoiceNumber}</var>
<arg>${rowInvoiceNumber}</arg>
<doc>Returns the given values which can then be assigned to a variables.</doc>
<status status="NOT RUN" starttime="20230307 14:23:20.988" endtime="20230307 14:23:20.988"/>
</kw>
<kw name="Set Global Variable" library="BuiltIn">
<arg>${InvoiceNumber}</arg>
<doc>Makes a variable available globally in all tests and suites.</doc>
<status status="NOT RUN" starttime="20230307 14:23:20.988" endtime="20230307 14:23:20.988"/>
</kw>
<kw name="Add Row Data to List">
<arg>${items}</arg>
<status status="NOT RUN" starttime="20230307 14:23:20.988" endtime="20230307 14:23:20.989"/>
</kw>
<status status="NOT RUN" starttime="20230307 14:23:20.987" endtime="20230307 14:23:20.989"/>
</iter>
<status status="NOT RUN" starttime="20230307 14:23:20.987" endtime="20230307 14:23:20.989"/>
</for>
<status status="NOT RUN" starttime="20230307 14:23:20.986" endtime="20230307 14:23:20.989"/>
</branch>
<status status="PASS" starttime="20230307 14:23:20.986" endtime="20230307 14:23:20.989"/>
</if>
<status status="PASS" starttime="20230307 14:23:20.985" endtime="20230307 14:23:20.989"/>
</iter>
<iter>
<var name="${headerElement}">01.04.2021;153143;Service Provider Oy;1531439;15.12.2022;1234567-8;FI12 3456 7890 1234 56;2700;648;3348</var>
<kw name="Split String" library="String">
<var>${headerItems}</var>
<arg>${headerElement}</arg>
<arg>;</arg>
<doc>Splits the ``string`` using ``separator`` as a delimiter string.</doc>
<msg timestamp="20230307 14:23:20.990" level="INFO">${headerItems} = ['01.04.2021', '153143', 'Service Provider Oy', '1531439', '15.12.2022', '1234567-8', 'FI12 3456 7890 1234 56', '2700', '648', '3348']</msg>
<status status="PASS" starttime="20230307 14:23:20.990" endtime="20230307 14:23:20.990"/>
</kw>
<if>
<branch type="IF" condition="'${headerItems}[0]' == '${InvoiceNumber}'">
<kw name="Log" library="BuiltIn">
<arg>Laksu löytyi</arg>
<doc>Logs the given message with the given level.</doc>
<status status="NOT RUN" starttime="20230307 14:23:20.991" endtime="20230307 14:23:20.991"/>
</kw>
<kw name="Add Invoice Header to DB">
<arg>${headerItems}</arg>
<arg>${ListToDB}</arg>
<status status="NOT RUN" starttime="20230307 14:23:20.991" endtime="20230307 14:23:20.991"/>
</kw>
<for flavor="IN">
<var>${rowElement}</var>
<value>@{ListToDB}</value>
<iter>
<var name="${rowElement}"/>
<kw name="Add Invoice Row To DB">
<arg>${rowElement}</arg>
<status status="NOT RUN" starttime="20230307 14:23:20.992" endtime="20230307 14:23:20.992"/>
</kw>
<kw name="Create List" library="BuiltIn">
<var>${ListToDB}</var>
<doc>Returns a list containing given items.</doc>
<status status="NOT RUN" starttime="20230307 14:23:20.992" endtime="20230307 14:23:20.992"/>
</kw>
<kw name="Set Global Variable" library="BuiltIn">
<arg>${ListToDB}</arg>
<doc>Makes a variable available globally in all tests and suites.</doc>
<status status="NOT RUN" starttime="20230307 14:23:20.992" endtime="20230307 14:23:20.992"/>
</kw>
<kw name="Set Variable" library="BuiltIn">
<var>${InvoiceNumber}</var>
<arg>${rowInvoiceNumber}</arg>
<doc>Returns the given values which can then be assigned to a variables.</doc>
<status status="NOT RUN" starttime="20230307 14:23:20.992" endtime="20230307 14:23:20.992"/>
</kw>
<kw name="Set Global Variable" library="BuiltIn">
<arg>${InvoiceNumber}</arg>
<doc>Makes a variable available globally in all tests and suites.</doc>
<status status="NOT RUN" starttime="20230307 14:23:20.993" endtime="20230307 14:23:20.993"/>
</kw>
<kw name="Add Row Data to List">
<arg>${items}</arg>
<status status="NOT RUN" starttime="20230307 14:23:20.993" endtime="20230307 14:23:20.993"/>
</kw>
<status status="NOT RUN" starttime="20230307 14:23:20.991" endtime="20230307 14:23:20.993"/>
</iter>
<status status="NOT RUN" starttime="20230307 14:23:20.991" endtime="20230307 14:23:20.993"/>
</for>
<status status="NOT RUN" starttime="20230307 14:23:20.990" endtime="20230307 14:23:20.994"/>
</branch>
<status status="PASS" starttime="20230307 14:23:20.990" endtime="20230307 14:23:20.994"/>
</if>
<status status="PASS" starttime="20230307 14:23:20.990" endtime="20230307 14:23:20.994"/>
</iter>
<status status="PASS" starttime="20230307 14:23:20.977" endtime="20230307 14:23:20.994"/>
</for>
<status status="PASS" starttime="20230307 14:23:20.977" endtime="20230307 14:23:20.994"/>
</branch>
<status status="PASS" starttime="20230307 14:23:20.976" endtime="20230307 14:23:20.994"/>
</if>
<status status="PASS" starttime="20230307 14:23:20.975" endtime="20230307 14:23:20.994"/>
</branch>
<status status="PASS" starttime="20230307 14:23:20.974" endtime="20230307 14:23:20.994"/>
</if>
<status status="PASS" starttime="20230307 14:23:20.971" endtime="20230307 14:23:20.994"/>
</iter>
<iter>
<var name="${element}">Replacement Products;10;kpl;105;24;252;1302;153143;2</var>
<kw name="Log" library="BuiltIn">
<arg>${element}</arg>
<doc>Logs the given message with the given level.</doc>
<msg timestamp="20230307 14:23:20.995" level="INFO">Replacement Products;10;kpl;105;24;252;1302;153143;2</msg>
<status status="PASS" starttime="20230307 14:23:20.994" endtime="20230307 14:23:20.995"/>
</kw>
<kw name="Split String" library="String">
<var>@{items}</var>
<arg>${element}</arg>
<arg>;</arg>
<doc>Splits the ``string`` using ``separator`` as a delimiter string.</doc>
<msg timestamp="20230307 14:23:20.995" level="INFO">@{items} = [ Replacement Products | 10 | kpl | 105 | 24 | 252 | 1302 | 153143 | 2 ]</msg>
<status status="PASS" starttime="20230307 14:23:20.995" endtime="20230307 14:23:20.995"/>
</kw>
<kw name="Set Variable" library="BuiltIn">
<var>${rowInvoiceNumber}</var>
<arg>${items}[7]</arg>
<doc>Returns the given values which can then be assigned to a variables.</doc>
<msg timestamp="20230307 14:23:20.996" level="INFO">${rowInvoiceNumber} = 153143</msg>
<status status="PASS" starttime="20230307 14:23:20.995" endtime="20230307 14:23:20.996"/>
</kw>
<kw name="Log" library="BuiltIn">
<arg>${InvoiceNumber}</arg>
<doc>Logs the given message with the given level.</doc>
<msg timestamp="20230307 14:23:20.997" level="INFO">143143</msg>
<status status="PASS" starttime="20230307 14:23:20.996" endtime="20230307 14:23:20.997"/>
</kw>
<kw name="Log" library="BuiltIn">
<arg>${rowInvoiceNumber}</arg>
<doc>Logs the given message with the given level.</doc>
<msg timestamp="20230307 14:23:20.997" level="INFO">153143</msg>
<status status="PASS" starttime="20230307 14:23:20.997" endtime="20230307 14:23:20.997"/>
</kw>
<if>
<branch type="IF" condition="'${rowInvoiceNumber}' == '${InvoiceNumber}'">
<kw name="Log" library="BuiltIn">
<arg>Lisätään rivejä laskulle</arg>
<doc>Logs the given message with the given level.</doc>
<status status="NOT RUN" starttime="20230307 14:23:20.999" endtime="20230307 14:23:20.999"/>
</kw>
<kw name="Add Row Data to List">
<arg>${items}</arg>
<status status="NOT RUN" starttime="20230307 14:23:21.000" endtime="20230307 14:23:21.000"/>
</kw>
<status status="NOT RUN" starttime="20230307 14:23:20.997" endtime="20230307 14:23:21.000"/>
</branch>
<branch type="ELSE">
<kw name="Log" library="BuiltIn">
<arg>Onko tietokantalistassa jo rivejä</arg>
<doc>Logs the given message with the given level.</doc>
<msg timestamp="20230307 14:23:21.001" level="INFO">Onko tietokantalistassa jo rivejä</msg>
<status status="PASS" starttime="20230307 14:23:21.001" endtime="20230307 14:23:21.001"/>
</kw>
<kw name="Get Length" library="BuiltIn">
<var>${length}</var>
<arg>${ListToDB}</arg>
<doc>Returns and logs the length of the given item as an integer.</doc>
<msg timestamp="20230307 14:23:21.002" level="INFO">Length is 2</msg>
<msg timestamp="20230307 14:23:21.002" level="INFO">${length} = 2</msg>
<status status="PASS" starttime="20230307 14:23:21.002" endtime="20230307 14:23:21.002"/>
</kw>
<if>
<branch type="IF" condition="${length} == ${0}">
<kw name="Log" library="BuiltIn">
<arg>Ensimmäisen laskun tapaus</arg>
<doc>Logs the given message with the given level.</doc>
<status status="NOT RUN" starttime="20230307 14:23:21.003" endtime="20230307 14:23:21.003"/>
</kw>
<kw name="Set Variable" library="BuiltIn">
<var>${InvoiceNumber}</var>
<arg>${rowInvoiceNumber}</arg>
<doc>Returns the given values which can then be assigned to a variables.</doc>
<status status="NOT RUN" starttime="20230307 14:23:21.003" endtime="20230307 14:23:21.004"/>
</kw>
<kw name="Set Global Variable" library="BuiltIn">
<arg>${InvoiceNumber}</arg>
<doc>Makes a variable available globally in all tests and suites.</doc>
<status status="NOT RUN" starttime="20230307 14:23:21.004" endtime="20230307 14:23:21.004"/>
</kw>
<kw name="Add Row Data to List">
<arg>${items}</arg>
<status status="NOT RUN" starttime="20230307 14:23:21.004" endtime="20230307 14:23:21.004"/>
</kw>
<status status="NOT RUN" starttime="20230307 14:23:21.003" endtime="20230307 14:23:21.004"/>
</branch>
<branch type="ELSE">
<kw name="Log" library="BuiltIn">
<arg>Lasku vaihtuu, pitää käsitellä myös otsikkodata</arg>
<doc>Logs the given message with the given level.</doc>
<msg timestamp="20230307 14:23:21.005" level="INFO">Lasku vaihtuu, pitää käsitellä myös otsikkodata</msg>
<status status="PASS" starttime="20230307 14:23:21.004" endtime="20230307 14:23:21.005"/>
</kw>
<for flavor="IN">
<var>${headerElement}</var>
<value>@{headers}</value>
<iter>
<var name="${headerElement}">07.04.2021;143143;Service Provider Oy;1431432;15.12.2022;1234567-8;FI12 3456 7890 1234 56;1350;324;1674</var>
<kw name="Split String" library="String">
<var>${headerItems}</var>
<arg>${headerElement}</arg>
<arg>;</arg>
<doc>Splits the ``string`` using ``separator`` as a delimiter string.</doc>
<msg timestamp="20230307 14:23:21.006" level="INFO">${headerItems} = ['07.04.2021', '143143', 'Service Provider Oy', '1431432', '15.12.2022', '1234567-8', 'FI12 3456 7890 1234 56', '1350', '324', '1674']</msg>
<status status="PASS" starttime="20230307 14:23:21.005" endtime="20230307 14:23:21.006"/>
</kw>
<if>
<branch type="IF" condition="'${headerItems}[0]' == '${InvoiceNumber}'">
<kw name="Log" library="BuiltIn">
<arg>Laksu löytyi</arg>
<doc>Logs the given message with the given level.</doc>
<status status="NOT RUN" starttime="20230307 14:23:21.006" endtime="20230307 14:23:21.006"/>
</kw>
<kw name="Add Invoice Header to DB">
<arg>${headerItems}</arg>
<arg>${ListToDB}</arg>
<status status="NOT RUN" starttime="20230307 14:23:21.006" endtime="20230307 14:23:21.007"/>
</kw>
<for flavor="IN">
<var>${rowElement}</var>
<value>@{ListToDB}</value>
<iter>
<var name="${rowElement}"/>
<kw name="Add Invoice Row To DB">
<arg>${rowElement}</arg>
<status status="NOT RUN" starttime="20230307 14:23:21.007" endtime="20230307 14:23:21.007"/>
</kw>
<kw name="Create List" library="BuiltIn">
<var>${ListToDB}</var>
<doc>Returns a list containing given items.</doc>
<status status="NOT RUN" starttime="20230307 14:23:21.007" endtime="20230307 14:23:21.007"/>
</kw>
<kw name="Set Global Variable" library="BuiltIn">
<arg>${ListToDB}</arg>
<doc>Makes a variable available globally in all tests and suites.</doc>
<status status="NOT RUN" starttime="20230307 14:23:21.007" endtime="20230307 14:23:21.008"/>
</kw>
<kw name="Set Variable" library="BuiltIn">
<var>${InvoiceNumber}</var>
<arg>${rowInvoiceNumber}</arg>
<doc>Returns the given values which can then be assigned to a variables.</doc>
<status status="NOT RUN" starttime="20230307 14:23:21.008" endtime="20230307 14:23:21.008"/>
</kw>
<kw name="Set Global Variable" library="BuiltIn">
<arg>${InvoiceNumber}</arg>
<doc>Makes a variable available globally in all tests and suites.</doc>
[...]
<status status="NOT RUN" starttime="20230307 14:23:21.054" endtime="20230307 14:23:21.054"/>
</kw>
<kw name="Set Variable" library="BuiltIn">
<var>${InvoiceNumber}</var>
<arg>${rowInvoiceNumber}</arg>
<doc>Returns the given values which can then be assigned to a variables.</doc>
<status status="NOT RUN" starttime="20230307 14:23:21.055" endtime="20230307 14:23:21.055"/>
</kw>
<kw name="Set Global Variable" library="BuiltIn">
<arg>${InvoiceNumber}</arg>
<doc>Makes a variable available globally in all tests and suites.</doc>
<status status="NOT RUN" starttime="20230307 14:23:21.055" endtime="20230307 14:23:21.055"/>
</kw>
<kw name="Add Row Data to List">
<arg>${items}</arg>
<status status="NOT RUN" starttime="20230307 14:23:21.055" endtime="20230307 14:23:21.055"/>
</kw>
<status status="NOT RUN" starttime="20230307 14:23:21.054" endtime="20230307 14:23:21.055"/>
</iter>
<status status="NOT RUN" starttime="20230307 14:23:21.053" endtime="20230307 14:23:21.055"/>
</for>
<status status="NOT RUN" starttime="20230307 14:23:21.053" endtime="20230307 14:23:21.055"/>
</branch>
<status status="PASS" starttime="20230307 14:23:21.053" endtime="20230307 14:23:21.055"/>
</if>
<status status="PASS" starttime="20230307 14:23:21.050" endtime="20230307 14:23:21.056"/>
</iter>
<status status="PASS" starttime="20230307 14:23:21.038" endtime="20230307 14:23:21.056"/>
</for>
<status status="PASS" starttime="20230307 14:23:21.035" endtime="20230307 14:23:21.056"/>
</branch>
<status status="PASS" starttime="20230307 14:23:21.030" endtime="20230307 14:23:21.056"/>
</if>
<status status="PASS" starttime="20230307 14:23:21.029" endtime="20230307 14:23:21.056"/>
</branch>
<status status="PASS" starttime="20230307 14:23:21.028" endtime="20230307 14:23:21.056"/>
</if>
<status status="PASS" starttime="20230307 14:23:21.023" endtime="20230307 14:23:21.056"/>
</iter>
<iter>
<var name="${element}">Cleaning Wipes;10;kpl;105;24;252;1302;153143;4</var>
<kw name="Log" library="BuiltIn">
<arg>${element}</arg>
<doc>Logs the given message with the given level.</doc>
<msg timestamp="20230307 14:23:21.057" level="INFO">Cleaning Wipes;10;kpl;105;24;252;1302;153143;4</msg>
<status status="PASS" starttime="20230307 14:23:21.056" endtime="20230307 14:23:21.057"/>
</kw>
<kw name="Split String" library="String">
<var>@{items}</var>
<arg>${element}</arg>
<arg>;</arg>
<doc>Splits the ``string`` using ``separator`` as a delimiter string.</doc>
<msg timestamp="20230307 14:23:21.058" level="INFO">@{items} = [ Cleaning Wipes | 10 | kpl | 105 | 24 | 252 | 1302 | 153143 | 4 ]</msg>
<status status="PASS" starttime="20230307 14:23:21.058" endtime="20230307 14:23:21.058"/>
</kw>
<kw name="Set Variable" library="BuiltIn">
<var>${rowInvoiceNumber}</var>
<arg>${items}[7]</arg>
<doc>Returns the given values which can then be assigned to a variables.</doc>
<msg timestamp="20230307 14:23:21.059" level="INFO">${rowInvoiceNumber} = 153143</msg>
<status status="PASS" starttime="20230307 14:23:21.059" endtime="20230307 14:23:21.059"/>
</kw>
<kw name="Log" library="BuiltIn">
<arg>${InvoiceNumber}</arg>
<doc>Logs the given message with the given level.</doc>
<msg timestamp="20230307 14:23:21.059" level="INFO">143143</msg>
<status status="PASS" starttime="20230307 14:23:21.059" endtime="20230307 14:23:21.059"/>
</kw>
<kw name="Log" library="BuiltIn">
<arg>${rowInvoiceNumber}</arg>
<doc>Logs the given message with the given level.</doc>
<msg timestamp="20230307 14:23:21.060" level="INFO">153143</msg>
<status status="PASS" starttime="20230307 14:23:21.060" endtime="20230307 14:23:21.060"/>
</kw>
<if>
<branch type="IF" condition="'${rowInvoiceNumber}' == '${InvoiceNumber}'">
<kw name="Log" library="BuiltIn">
<arg>Lisätään rivejä laskulle</arg>
<doc>Logs the given message with the given level.</doc>
<status status="NOT RUN" starttime="20230307 14:23:21.061" endtime="20230307 14:23:21.061"/>
</kw>
<kw name="Add Row Data to List">
<arg>${items}</arg>
<status status="NOT RUN" starttime="20230307 14:23:21.061" endtime="20230307 14:23:21.061"/>
</kw>
<status status="NOT RUN" starttime="20230307 14:23:21.060" endtime="20230307 14:23:21.061"/>
</branch>
<branch type="ELSE">
<kw name="Log" library="BuiltIn">
<arg>Onko tietokantalistassa jo rivejä</arg>
<doc>Logs the given message with the given level.</doc>
<msg timestamp="20230307 14:23:21.062" level="INFO">Onko tietokantalistassa jo rivejä</msg>
<status status="PASS" starttime="20230307 14:23:21.062" endtime="20230307 14:23:21.063"/>
</kw>
<kw name="Get Length" library="BuiltIn">
<var>${length}</var>
<arg>${ListToDB}</arg>
<doc>Returns and logs the length of the given item as an integer.</doc>
<msg timestamp="20230307 14:23:21.063" level="INFO">Length is 2</msg>
<msg timestamp="20230307 14:23:21.064" level="INFO">${length} = 2</msg>
<status status="PASS" starttime="20230307 14:23:21.063" endtime="20230307 14:23:21.064"/>
</kw>
<if>
<branch type="IF" condition="${length} == ${0}">
<kw name="Log" library="BuiltIn">
<arg>Ensimmäisen laskun tapaus</arg>
<doc>Logs the given message with the given level.</doc>
<status status="NOT RUN" starttime="20230307 14:23:21.064" endtime="20230307 14:23:21.064"/>
</kw>
<kw name="Set Variable" library="BuiltIn">
<var>${InvoiceNumber}</var>
<arg>${rowInvoiceNumber}</arg>
<doc>Returns the given values which can then be assigned to a variables.</doc>
<status status="NOT RUN" starttime="20230307 14:23:21.065" endtime="20230307 14:23:21.065"/>
</kw>
<kw name="Set Global Variable" library="BuiltIn">
<arg>${InvoiceNumber}</arg>
<doc>Makes a variable available globally in all tests and suites.</doc>
<status status="NOT RUN" starttime="20230307 14:23:21.066" endtime="20230307 14:23:21.066"/>
</kw>
<kw name="Add Row Data to List">
<arg>${items}</arg>
<status status="NOT RUN" starttime="20230307 14:23:21.067" endtime="20230307 14:23:21.067"/>
</kw>
<status status="NOT RUN" starttime="20230307 14:23:21.064" endtime="20230307 14:23:21.067"/>
</branch>
<branch type="ELSE">
<kw name="Log" library="BuiltIn">
<arg>Lasku vaihtuu, pitää käsitellä myös otsikkodata</arg>
<doc>Logs the given message with the given level.</doc>
<msg timestamp="20230307 14:23:21.069" level="INFO">Lasku vaihtuu, pitää käsitellä myös otsikkodata</msg>
<status status="PASS" starttime="20230307 14:23:21.068" endtime="20230307 14:23:21.069"/>
</kw>
<for flavor="IN">
<var>${headerElement}</var>
<value>@{headers}</value>
<iter>
<var name="${headerElement}">07.04.2021;143143;Service Provider Oy;1431432;15.12.2022;1234567-8;FI12 3456 7890 1234 56;1350;324;1674</var>
<kw name="Split String" library="String">
<var>${headerItems}</var>
<arg>${headerElement}</arg>
<arg>;</arg>
<doc>Splits the ``string`` using ``separator`` as a delimiter string.</doc>
<msg timestamp="20230307 14:23:21.070" level="INFO">${headerItems} = ['07.04.2021', '143143', 'Service Provider Oy', '1431432', '15.12.2022', '1234567-8', 'FI12 3456 7890 1234 56', '1350', '324', '1674']</msg>
<status status="PASS" starttime="20230307 14:23:21.070" endtime="20230307 14:23:21.070"/>
</kw>
<if>
<branch type="IF" condition="'${headerItems}[0]' == '${InvoiceNumber}'">
<kw name="Log" library="BuiltIn">
<arg>Laksu löytyi</arg>
<doc>Logs the given message with the given level.</doc>
<status status="NOT RUN" starttime="20230307 14:23:21.071" endtime="20230307 14:23:21.071"/>
</kw>
<kw name="Add Invoice Header to DB">
<arg>${headerItems}</arg>
<arg>${ListToDB}</arg>
<status status="NOT RUN" starttime="20230307 14:23:21.071" endtime="20230307 14:23:21.071"/>
</kw>
<for flavor="IN">
<var>${rowElement}</var>
<value>@{ListToDB}</value>
<iter>
<var name="${rowElement}"/>
<kw name="Add Invoice Row To DB">
<arg>${rowElement}</arg>
<status status="NOT RUN" starttime="20230307 14:23:21.071" endtime="20230307 14:23:21.071"/>
</kw>
<kw name="Create List" library="BuiltIn">
<var>${ListToDB}</var>
<doc>Returns a list containing given items.</doc>
<status status="NOT RUN" starttime="20230307 14:23:21.072" endtime="20230307 14:23:21.072"/>
</kw>
<kw name="Set Global Variable" library="BuiltIn">
<arg>${ListToDB}</arg>
<doc>Makes a variable available globally in all tests and suites.</doc>
<status status="NOT RUN" starttime="20230307 14:23:21.072" endtime="20230307 14:23:21.072"/>
</kw>
<kw name="Set Variable" library="BuiltIn">
<var>${InvoiceNumber}</var>
<arg>${rowInvoiceNumber}</arg>
<doc>Returns the given values which can then be assigned to a variables.</doc>
<status status="NOT RUN" starttime="20230307 14:23:21.072" endtime="20230307 14:23:21.072"/>
</kw>
<kw name="Set Global Variable" library="BuiltIn">
<arg>${InvoiceNumber}</arg>
<doc>Makes a variable available globally in all tests and suites.</doc>
<status status="NOT RUN" starttime="20230307 14:23:21.072" endtime="20230307 14:23:21.073"/>
</kw>
<kw name="Add Row Data to List">
<arg>${items}</arg>
<status status="NOT RUN" starttime="20230307 14:23:21.073" endtime="20230307 14:23:21.073"/>
</kw>
<status status="NOT RUN" starttime="20230307 14:23:21.071" endtime="20230307 14:23:21.073"/>
</iter>
<status status="NOT RUN" starttime="20230307 14:23:21.071" endtime="20230307 14:23:21.073"/>
</for>
<status status="NOT RUN" starttime="20230307 14:23:21.070" endtime="20230307 14:23:21.073"/>
</branch>
<status status="PASS" starttime="20230307 14:23:21.070" endtime="20230307 14:23:21.073"/>
</if>
<status status="PASS" starttime="20230307 14:23:21.069" endtime="20230307 14:23:21.073"/>
</iter>
<iter>
<var name="${headerElement}">15.10.2022;1543235;Component Oy;15432359;01.10.2022;1234567-9;FI05 1234 5600 7891 01;465;111.6;576.6</var>
<kw name="Split String" library="String">
<var>${headerItems}</var>
<arg>${headerElement}</arg>
<arg>;</arg>
<doc>Splits the ``string`` using ``separator`` as a delimiter string.</doc>
<msg timestamp="20230307 14:23:21.074" level="INFO">${headerItems} = ['15.10.2022', '1543235', 'Component Oy', '15432359', '01.10.2022', '1234567-9', 'FI05 1234 5600 7891 01', '465', '111.6', '576.6']</msg>
<status status="PASS" starttime="20230307 14:23:21.074" endtime="20230307 14:23:21.074"/>
</kw>
<if>
<branch type="IF" condition="'${headerItems}[0]' == '${InvoiceNumber}'">
<kw name="Log" library="BuiltIn">
<arg>Laksu löytyi</arg>
<doc>Logs the given message with the given level.</doc>
<status status="NOT RUN" starttime="20230307 14:23:21.075" endtime="20230307 14:23:21.075"/>
</kw>
<kw name="Add Invoice Header to DB">
<arg>${headerItems}</arg>
<arg>${ListToDB}</arg>
<status status="NOT RUN" starttime="20230307 14:23:21.075" endtime="20230307 14:23:21.076"/>
</kw>
<for flavor="IN">
<var>${rowElement}</var>
<value>@{ListToDB}</value>
<iter>
<var name="${rowElement}"/>
<kw name="Add Invoice Row To DB">
<arg>${rowElement}</arg>
<status status="NOT RUN" starttime="20230307 14:23:21.076" endtime="20230307 14:23:21.076"/>
</kw>
<kw name="Create List" library="BuiltIn">
<var>${ListToDB}</var>
<doc>Returns a list containing given items.</doc>
<status status="NOT RUN" starttime="20230307 14:23:21.077" endtime="20230307 14:23:21.077"/>
</kw>
<kw name="Set Global Variable" library="BuiltIn">
<arg>${ListToDB}</arg>
<doc>Makes a variable available globally in all tests and suites.</doc>
<status status="NOT RUN" starttime="20230307 14:23:21.077" endtime="20230307 14:23:21.077"/>
</kw>
<kw name="Set Variable" library="BuiltIn">
<var>${InvoiceNumber}</var>
<arg>${rowInvoiceNumber}</arg>
<doc>Returns the given values which can then be assigned to a variables.</doc>
<status status="NOT RUN" starttime="20230307 14:23:21.077" endtime="20230307 14:23:21.077"/>
</kw>
<kw name="Set Global Variable" library="BuiltIn">
<arg>${InvoiceNumber}</arg>
<doc>Makes a variable available globally in all tests and suites.</doc>
<status status="NOT RUN" starttime="20230307 14:23:21.077" endtime="20230307 14:23:21.078"/>
</kw>
<kw name="Add Row Data to List">
<arg>${items}</arg>
<status status="NOT RUN" starttime="20230307 14:23:21.078" endtime="20230307 14:23:21.078"/>
</kw>
<status status="NOT RUN" starttime="20230307 14:23:21.076" endtime="20230307 14:23:21.078"/>
</iter>
<status status="NOT RUN" starttime="20230307 14:23:21.076" endtime="20230307 14:23:21.078"/>
</for>
<status status="NOT RUN" starttime="20230307 14:23:21.074" endtime="20230307 14:23:21.078"/>
</branch>
<status status="PASS" starttime="20230307 14:23:21.074" endtime="20230307 14:23:21.078"/>
</if>
<status status="PASS" starttime="20230307 14:23:21.073" endtime="20230307 14:23:21.079"/>
</iter>
<iter>
<var name="${headerElement}">01.04.2021;153143;Service Provider Oy;1531439;15.12.2022;1234567-8;FI12 3456 7890 1234 56;2700;648;3348</var>
<kw name="Split String" library="String">
<var>${headerItems}</var>
<arg>${headerElement}</arg>
<arg>;</arg>
<doc>Splits the ``string`` using ``separator`` as a delimiter string.</doc>
<msg timestamp="20230307 14:23:21.080" level="INFO">${headerItems} = ['01.04.2021', '153143', 'Service Provider Oy', '1531439', '15.12.2022', '1234567-8', 'FI12 3456 7890 1234 56', '2700', '648', '3348']</msg>
<status status="PASS" starttime="20230307 14:23:21.079" endtime="20230307 14:23:21.080"/>
</kw>
<if>
<branch type="IF" condition="'${headerItems}[0]' == '${InvoiceNumber}'">
<kw name="Log" library="BuiltIn">
<arg>Laksu löytyi</arg>
<doc>Logs the given message with the given level.</doc>
<status status="NOT RUN" starttime="20230307 14:23:21.081" endtime="20230307 14:23:21.081"/>
</kw>
<kw name="Add Invoice Header to DB">
<arg>${headerItems}</arg>
<arg>${ListToDB}</arg>
<status status="NOT RUN" starttime="20230307 14:23:21.081" endtime="20230307 14:23:21.081"/>
</kw>
<for flavor="IN">
<var>${rowElement}</var>
<value>@{ListToDB}</value>
<iter>
<var name="${rowElement}"/>
<kw name="Add Invoice Row To DB">
<arg>${rowElement}</arg>
<status status="NOT RUN" starttime="20230307 14:23:21.081" endtime="20230307 14:23:21.082"/>
</kw>
<kw name="Create List" library="BuiltIn">
<var>${ListToDB}</var>
<doc>Returns a list containing given items.</doc>
<status status="NOT RUN" starttime="20230307 14:23:21.083" endtime="20230307 14:23:21.084"/>
</kw>
<kw name="Set Global Variable" library="BuiltIn">
<arg>${ListToDB}</arg>
<doc>Makes a variable available globally in all tests and suites.</doc>
<status status="NOT RUN" starttime="20230307 14:23:21.086" endtime="20230307 14:23:21.087"/>
</kw>
<kw name="Set Variable" library="BuiltIn">
<var>${InvoiceNumber}</var>
<arg>${rowInvoiceNumber}</arg>
<doc>Returns the given values which can then be assigned to a variables.</doc>
<status status="NOT RUN" starttime="20230307 14:23:21.087" endtime="20230307 14:23:21.087"/>
</kw>
<kw name="Set Global Variable" library="BuiltIn">
<arg>${InvoiceNumber}</arg>
<doc>Makes a variable available globally in all tests and suites.</doc>
<status status="NOT RUN" starttime="20230307 14:23:21.088" endtime="20230307 14:23:21.088"/>
</kw>
<kw name="Add Row Data to List">
<arg>${items}</arg>
<status status="NOT RUN" starttime="20230307 14:23:21.088" endtime="20230307 14:23:21.088"/>
</kw>
<status status="NOT RUN" starttime="20230307 14:23:21.081" endtime="20230307 14:23:21.088"/>
</iter>
<status status="NOT RUN" starttime="20230307 14:23:21.081" endtime="20230307 14:23:21.088"/>
</for>
<status status="NOT RUN" starttime="20230307 14:23:21.080" endtime="20230307 14:23:21.088"/>
</branch>
<status status="PASS" starttime="20230307 14:23:21.080" endtime="20230307 14:23:21.088"/>
</if>
<status status="PASS" starttime="20230307 14:23:21.079" endtime="20230307 14:23:21.088"/>
</iter>
<status status="PASS" starttime="20230307 14:23:21.069" endtime="20230307 14:23:21.088"/>
</for>
<status status="PASS" starttime="20230307 14:23:21.068" endtime="20230307 14:23:21.089"/>
</branch>
<status status="PASS" starttime="20230307 14:23:21.064" endtime="20230307 14:23:21.089"/>
</if>
<status status="PASS" starttime="20230307 14:23:21.061" endtime="20230307 14:23:21.089"/>
</branch>
<status status="PASS" starttime="20230307 14:23:21.060" endtime="20230307 14:23:21.089"/>
</if>
<status status="PASS" starttime="20230307 14:23:21.056" endtime="20230307 14:23:21.089"/>
</iter>
<status status="PASS" starttime="20230307 14:23:20.822" endtime="20230307 14:23:21.089"/>
</for>
<kw name="Get Length" library="BuiltIn">
<var>${length}</var>
<arg>${ListToDB}</arg>
<doc>Returns and logs the length of the given item as an integer.</doc>
<msg timestamp="20230307 14:23:21.090" level="INFO">Length is 2</msg>
<msg timestamp="20230307 14:23:21.090" level="INFO">${length} = 2</msg>
<status status="PASS" starttime="20230307 14:23:21.090" endtime="20230307 14:23:21.091"/>
</kw>
<if>
<branch type="IF" condition="${length} &gt; ${0}">
<kw name="Log" library="BuiltIn">
<arg>Viimeisen laskun otsikkokäsittely</arg>
<doc>Logs the given message with the given level.</doc>
<msg timestamp="20230307 14:23:21.093" level="INFO">Viimeisen laskun otsikkokäsittely</msg>
<status status="PASS" starttime="20230307 14:23:21.092" endtime="20230307 14:23:21.093"/>
</kw>
<for flavor="IN">
<var>${headerElement}</var>
<value>@{headers}</value>
<iter>
<var name="${headerElement}">07.04.2021;143143;Service Provider Oy;1431432;15.12.2022;1234567-8;FI12 3456 7890 1234 56;1350;324;1674</var>
<kw name="Split String" library="String">
<var>${headerItems}</var>
<arg>${headerElement}</arg>
<arg>;</arg>
<doc>Splits the ``string`` using ``separator`` as a delimiter string.</doc>
<msg timestamp="20230307 14:23:21.095" level="INFO">${headerItems} = ['07.04.2021', '143143', 'Service Provider Oy', '1431432', '15.12.2022', '1234567-8', 'FI12 3456 7890 1234 56', '1350', '324', '1674']</msg>
<status status="PASS" starttime="20230307 14:23:21.095" endtime="20230307 14:23:21.095"/>
</kw>
<if>
<branch type="IF" condition="'${headerItems}[3] == '${InvoiceNumber}'">
<kw name="Log" library="BuiltIn">
<arg>Laksu löytyi</arg>
<doc>Logs the given message with the given level.</doc>
<status status="NOT RUN" starttime="20230307 14:23:21.096" endtime="20230307 14:23:21.096"/>
</kw>
<kw name="Add Invoice Header to DB">
<arg>${headerItems}</arg>
<arg>${ListToDB}</arg>
<status status="NOT RUN" starttime="20230307 14:23:21.096" endtime="20230307 14:23:21.097"/>
</kw>
<for flavor="IN">
<var>${rowElement}</var>
<value>@{ListToDB}</value>
<iter>
<var name="${rowElement}"/>
<kw name="Add Invoice Row To DB">
<arg>${rowElement}</arg>
<status status="NOT RUN" starttime="20230307 14:23:21.097" endtime="20230307 14:23:21.097"/>
</kw>
<status status="NOT RUN" starttime="20230307 14:23:21.097" endtime="20230307 14:23:21.097"/>
</iter>
<status status="NOT RUN" starttime="20230307 14:23:21.097" endtime="20230307 14:23:21.097"/>
</for>
<msg timestamp="20230307 14:23:21.097" level="FAIL">Evaluating IF condition failed: Evaluating expression ''1431432 == '143143'' failed: SyntaxError: unterminated string literal (detected at line 1) (&lt;string&gt;, line 1)</msg>
<status status="FAIL" starttime="20230307 14:23:21.096" endtime="20230307 14:23:21.098"/>
</branch>
<status status="FAIL" starttime="20230307 14:23:21.096" endtime="20230307 14:23:21.099"/>
</if>
<status status="FAIL" starttime="20230307 14:23:21.094" endtime="20230307 14:23:21.099"/>
</iter>
<status status="FAIL" starttime="20230307 14:23:21.093" endtime="20230307 14:23:21.099"/>
</for>
<status status="FAIL" starttime="20230307 14:23:21.092" endtime="20230307 14:23:21.100"/>
</branch>
<status status="FAIL" starttime="20230307 14:23:21.091" endtime="20230307 14:23:21.100"/>
</if>
<status status="FAIL" starttime="20230307 14:23:20.821" endtime="20230307 14:23:21.102">Evaluating IF condition failed: Evaluating expression ''1431432 == '143143'' failed: SyntaxError: unterminated string literal (detected at line 1) (&lt;string&gt;, line 1)</status>
</test>
<status status="FAIL" starttime="20230307 14:23:20.640" endtime="20230307 14:23:21.105"/>
</suite>
<statistics>
<total>
<stat pass="1" fail="1" skip="0">All Tests</stat>
</total>
<tag>
</tag>
<suite>
<stat pass="1" fail="1" skip="0" id="s1" name="Tietokanta">Tietokanta</stat>
</suite>
</statistics>
<errors>
</errors>
</robot>
