<?xml version="1.0" encoding="UTF-8"?>
<robot generator="Robot 5.0.1 (Python 3.10.6 on win32)" generated="20230215 11:06:08.042" rpa="false" schemaversion="3">
<suite id="s1" name="Tietokanta" source="c:\Users\niemi\Desktop\HAMK\HAMK21_22\Ohjelmointi\webservices\UiPath3\UiPath3-main\robotframework\UiPathProjekti\tietokanta.robot">
<test id="s1-t1" name="projektin polku" line="45">
<kw name="Connect To Database" library="DatabaseLibrary">
<arg>pymysql</arg>
<arg>${dbname}</arg>
<arg>${dbuser}</arg>
<arg>${dbpass}</arg>
<arg>${dbhost}</arg>
<arg>${dbport}</arg>
<doc>Loads the DB API 2.0 module given `dbapiModuleName` then uses it to
connect to the database using `dbName`, `dbUsername`, and `dbPassword`.</doc>
<msg timestamp="20230215 11:06:08.266" level="INFO">Connecting using : pymysql.connect(db=Uipathprojekti, user=robotuser, passwd=password, host=localhost, port=3306, charset=None) </msg>
<status status="PASS" starttime="20230215 11:06:08.158" endtime="20230215 11:06:08.307"/>
</kw>
<kw name="Get File" library="OperatingSystem">
<var>${headers}</var>
<arg>${PATH}InvoiceHeaderData.csv</arg>
<doc>Returns the contents of a specified file.</doc>
<msg timestamp="20230215 11:06:08.309" level="INFO" html="true">Getting file '&lt;a href="file://C:\Users\niemi\Desktop\HAMK\HAMK21_22\Ohjelmointi\webservices\UiPath3\UiPath3-main\InvoiceHeaderData.csv"&gt;C:\Users\niemi\Desktop\HAMK\HAMK21_22\Ohjelmointi\webservices\UiPath3\UiPath3-main\InvoiceHeaderData.csv&lt;/a&gt;'.</msg>
<msg timestamp="20230215 11:06:08.313" level="INFO">${headers} = ﻿DueDate;InvoiceNumber;CompanyName;ReferenceNumber;InvoiceDate;CompanyCode;BankAccountNumber;AmountExcVat;VatAmount;TotalAmount
07.04.2021;143143;Service Provider Oy;1431432;15.12.2022;1234567-8;FI12 ...</msg>
<status status="PASS" starttime="20230215 11:06:08.309" endtime="20230215 11:06:08.313"/>
</kw>
<kw name="Get File" library="OperatingSystem">
<var>${headerCSV}</var>
<arg>${PATH}InvoiceHeaderData.csv</arg>
<doc>Returns the contents of a specified file.</doc>
<msg timestamp="20230215 11:06:08.313" level="INFO" html="true">Getting file '&lt;a href="file://C:\Users\niemi\Desktop\HAMK\HAMK21_22\Ohjelmointi\webservices\UiPath3\UiPath3-main\InvoiceHeaderData.csv"&gt;C:\Users\niemi\Desktop\HAMK\HAMK21_22\Ohjelmointi\webservices\UiPath3\UiPath3-main\InvoiceHeaderData.csv&lt;/a&gt;'.</msg>
<msg timestamp="20230215 11:06:08.313" level="INFO">${headerCSV} = ﻿DueDate;InvoiceNumber;CompanyName;ReferenceNumber;InvoiceDate;CompanyCode;BankAccountNumber;AmountExcVat;VatAmount;TotalAmount
07.04.2021;143143;Service Provider Oy;1431432;15.12.2022;1234567-8;FI12 ...</msg>
<status status="PASS" starttime="20230215 11:06:08.313" endtime="20230215 11:06:08.313"/>
</kw>
<kw name="Log" library="BuiltIn">
<arg>${headerCSV}</arg>
<doc>Logs the given message with the given level.</doc>
<msg timestamp="20230215 11:06:08.323" level="INFO">﻿DueDate;InvoiceNumber;CompanyName;ReferenceNumber;InvoiceDate;CompanyCode;BankAccountNumber;AmountExcVat;VatAmount;TotalAmount
07.04.2021;143143;Service Provider Oy;1431432;15.12.2022;1234567-8;FI12 3456 7890 1234 56;1350;324;1674
;;;;;1234567-9;;0;0;0
01.04.2021;153143;Service Provider Oy;1531439;15.12.2022;1234567-8;FI12 3456 7890 1234 56;2700;648;3348
</msg>
<status status="PASS" starttime="20230215 11:06:08.313" endtime="20230215 11:06:08.324"/>
</kw>
<kw name="Split String" library="String">
<var>@{header}</var>
<arg>${headerCSV}</arg>
<arg>\n</arg>
<doc>Splits the ``string`` using ``separator`` as a delimiter string.</doc>
<msg timestamp="20230215 11:06:08.358" level="INFO">@{header} = [ ﻿DueDate;InvoiceNumber;CompanyName;ReferenceNumber;InvoiceDate;CompanyCode;BankAccountNumber;AmountExcVat;VatAmount;TotalAmount | 07.04.2021;143143;Service Provider Oy;1431432;15.12.2022;1234567-8;F...</msg>
<status status="PASS" starttime="20230215 11:06:08.358" endtime="20230215 11:06:08.358"/>
</kw>
<kw name="Log" library="BuiltIn">
<arg>${header}</arg>
<doc>Logs the given message with the given level.</doc>
<msg timestamp="20230215 11:06:08.367" level="INFO">['\ufeffDueDate;InvoiceNumber;CompanyName;ReferenceNumber;InvoiceDate;CompanyCode;BankAccountNumber;AmountExcVat;VatAmount;TotalAmount', '07.04.2021;143143;Service Provider Oy;1431432;15.12.2022;1234567-8;FI12 3456 7890 1234 56;1350;324;1674', ';;;;;1234567-9;;0;0;0', '01.04.2021;153143;Service Provider Oy;1531439;15.12.2022;1234567-8;FI12 3456 7890 1234 56;2700;648;3348', '']</msg>
<status status="PASS" starttime="20230215 11:06:08.367" endtime="20230215 11:06:08.367"/>
</kw>
<kw name="Convert To Integer" library="BuiltIn">
<var>${index}</var>
<arg>0</arg>
<doc>Converts the given item to an integer number.</doc>
<msg timestamp="20230215 11:06:08.367" level="INFO">${index} = 0</msg>
<status status="PASS" starttime="20230215 11:06:08.367" endtime="20230215 11:06:08.367"/>
</kw>
<kw name="Remove From List" library="Collections">
<arg>${header}</arg>
<arg>${index}</arg>
<doc>Removes and returns the value specified with an ``index`` from ``list``.</doc>
<status status="PASS" starttime="20230215 11:06:08.373" endtime="20230215 11:06:08.373"/>
</kw>
<kw name="Log" library="BuiltIn">
<arg>${header}</arg>
<doc>Logs the given message with the given level.</doc>
<msg timestamp="20230215 11:06:08.373" level="INFO">['07.04.2021;143143;Service Provider Oy;1431432;15.12.2022;1234567-8;FI12 3456 7890 1234 56;1350;324;1674', ';;;;;1234567-9;;0;0;0', '01.04.2021;153143;Service Provider Oy;1531439;15.12.2022;1234567-8;FI12 3456 7890 1234 56;2700;648;3348', '']</msg>
<status status="PASS" starttime="20230215 11:06:08.373" endtime="20230215 11:06:08.373"/>
</kw>
<kw name="Split String" library="String">
<var>@{headerRow}</var>
<arg>${header}[0]</arg>
<arg>;</arg>
<doc>Splits the ``string`` using ``separator`` as a delimiter string.</doc>
<msg timestamp="20230215 11:06:08.381" level="INFO">@{headerRow} = [ 07.04.2021 | 143143 | Service Provider Oy | 1431432 | 15.12.2022 | 1234567-8 | FI12 3456 7890 1234 56 | 1350 | 324 | 1674 ]</msg>
<status status="PASS" starttime="20230215 11:06:08.373" endtime="20230215 11:06:08.382"/>
</kw>
<kw name="Log" library="BuiltIn">
<arg>${headerRow}</arg>
<doc>Logs the given message with the given level.</doc>
<msg timestamp="20230215 11:06:08.384" level="INFO">['07.04.2021', '143143', 'Service Provider Oy', '1431432', '15.12.2022', '1234567-8', 'FI12 3456 7890 1234 56', '1350', '324', '1674']</msg>
<status status="PASS" starttime="20230215 11:06:08.384" endtime="20230215 11:06:08.385"/>
</kw>
<kw name="Set Variable" library="BuiltIn">
<var>${invoiceNumber}</var>
<arg>${headerRow}[0]</arg>
<doc>Returns the given values which can then be assigned to a variables.</doc>
<msg timestamp="20230215 11:06:08.386" level="INFO">${invoiceNumber} = 07.04.2021</msg>
<status status="PASS" starttime="20230215 11:06:08.385" endtime="20230215 11:06:08.386"/>
</kw>
<status status="PASS" starttime="20230215 11:06:08.151" endtime="20230215 11:06:08.398"/>
</test>
<status status="PASS" starttime="20230215 11:06:08.051" endtime="20230215 11:06:08.398"/>
</suite>
<statistics>
<total>
<stat pass="1" fail="0" skip="0">All Tests</stat>
</total>
<tag>
</tag>
<suite>
<stat pass="1" fail="0" skip="0" id="s1" name="Tietokanta">Tietokanta</stat>
</suite>
</statistics>
<errors>
</errors>
</robot>
